TpTrace Verbose: 0 : 96004, 1, 2024/10/28, 10:40:24.288, 14468228881318, vstest.console.dll, Version: 17.11.0-release-24352-05 Current process architecture: X64
TpTrace Verbose: 0 : 96004, 1, 2024/10/28, 10:40:24.290, 14468228903245, vstest.console.dll, Runtime location: C:\Program Files\dotnet\shared\Microsoft.NETCore.App\8.0.8
TpTrace Verbose: 0 : 96004, 1, 2024/10/28, 10:40:24.292, 14468228922220, vstest.console.dll, ArtifactProcessingPostProcessModeProcessorExecutor.Initialize: ArtifactProcessingMode.Collect
TpTrace Verbose: 0 : 96004, 1, 2024/10/28, 10:40:24.292, 14468228923957, vstest.console.dll, TestSessionCorrelationIdProcessorModeProcessorExecutor.Initialize: TestSessionCorrelationId '35628_e51c0ff7-0c8b-41c1-8072-daf2d8c2eb19'
TpTrace Information: 0 : 96004, 1, 2024/10/28, 10:40:24.299, 14468228994128, vstest.console.dll, FilePatternParser: The given file D:\Corp\GenSpark\Celsior\Participants\Day29\EFCoreSolution\EFCoreTest\bin\Debug\net6.0\fine-code-coverage\build-output\EFCoreTest.dll is a full path.
TpTrace Verbose: 0 : 96004, 1, 2024/10/28, 10:40:24.303, 14468229032853, vstest.console.dll, TestPluginCache.DiscoverTestExtensions: finding test extensions in assemblies ends with: RuntimeProvider.dll TPluginInfo: Microsoft.VisualStudio.TestPlatform.Common.ExtensionFramework.Utilities.TestRuntimePluginInformation TExtension: Microsoft.VisualStudio.TestPlatform.ObjectModel.Host.ITestRuntimeProvider
TpTrace Verbose: 0 : 96004, 1, 2024/10/28, 10:40:24.303, 14468229036667, vstest.console.dll, TestPluginCache.GetExtensionPaths: Filtered extension paths: 
TpTrace Verbose: 0 : 96004, 1, 2024/10/28, 10:40:24.303, 14468229037662, vstest.console.dll, TestPluginCache.GetExtensionPaths: Added default extension paths: C:\Program Files\dotnet\sdk\8.0.400\Extensions\Microsoft.Diagnostics.NETCore.Client.dll
C:\Program Files\dotnet\sdk\8.0.400\Extensions\Microsoft.TestPlatform.Extensions.BlameDataCollector.dll
C:\Program Files\dotnet\sdk\8.0.400\Extensions\Microsoft.TestPlatform.Extensions.EventLogCollector.dll
C:\Program Files\dotnet\sdk\8.0.400\Extensions\Microsoft.TestPlatform.TestHostRuntimeProvider.dll
C:\Program Files\dotnet\sdk\8.0.400\Extensions\Microsoft.VisualStudio.TestPlatform.Extensions.Html.TestLogger.dll
C:\Program Files\dotnet\sdk\8.0.400\Extensions\Microsoft.VisualStudio.TestPlatform.Extensions.Trx.TestLogger.dll
TpTrace Verbose: 0 : 96004, 1, 2024/10/28, 10:40:24.303, 14468229037977, vstest.console.dll, TestPluginCache.GetExtensionPaths: Added unfilterableExtensionPaths: 
TpTrace Information: 0 : 96004, 1, 2024/10/28, 10:40:24.304, 14468229043696, vstest.console.dll, AssemblyResolver.ctor: Creating AssemblyResolver with searchDirectories C:\Program Files\dotnet\sdk\8.0.400\Extensions,C:\Program Files\dotnet\sdk\8.0.400
TpTrace Verbose: 0 : 96004, 1, 2024/10/28, 10:40:24.305, 14468229055556, vstest.console.dll, TestPluginCache.DiscoverTestExtensions: Discovering the extensions using extension path.
TpTrace Verbose: 0 : 96004, 1, 2024/10/28, 10:40:24.305, 14468229056815, vstest.console.dll, TestPluginCache.GetExtensionPaths: Filtered extension paths: 
TpTrace Verbose: 0 : 96004, 1, 2024/10/28, 10:40:24.305, 14468229057092, vstest.console.dll, TestPluginCache.GetExtensionPaths: Added default extension paths: C:\Program Files\dotnet\sdk\8.0.400\Extensions\Microsoft.Diagnostics.NETCore.Client.dll
C:\Program Files\dotnet\sdk\8.0.400\Extensions\Microsoft.TestPlatform.Extensions.BlameDataCollector.dll
C:\Program Files\dotnet\sdk\8.0.400\Extensions\Microsoft.TestPlatform.Extensions.EventLogCollector.dll
C:\Program Files\dotnet\sdk\8.0.400\Extensions\Microsoft.TestPlatform.TestHostRuntimeProvider.dll
C:\Program Files\dotnet\sdk\8.0.400\Extensions\Microsoft.VisualStudio.TestPlatform.Extensions.Html.TestLogger.dll
C:\Program Files\dotnet\sdk\8.0.400\Extensions\Microsoft.VisualStudio.TestPlatform.Extensions.Trx.TestLogger.dll
TpTrace Verbose: 0 : 96004, 1, 2024/10/28, 10:40:24.305, 14468229057243, vstest.console.dll, TestPluginCache.GetExtensionPaths: Added unfilterableExtensionPaths: 
TpTrace Verbose: 0 : 96004, 1, 2024/10/28, 10:40:24.305, 14468229057666, vstest.console.dll, TestPluginCache.DiscoverTestExtensions: Discovering the extensions using allExtensionPaths: C:\Program Files\dotnet\sdk\8.0.400\Extensions\Microsoft.Diagnostics.NETCore.Client.dll
C:\Program Files\dotnet\sdk\8.0.400\Extensions\Microsoft.TestPlatform.Extensions.BlameDataCollector.dll
C:\Program Files\dotnet\sdk\8.0.400\Extensions\Microsoft.TestPlatform.Extensions.EventLogCollector.dll
C:\Program Files\dotnet\sdk\8.0.400\Extensions\Microsoft.TestPlatform.TestHostRuntimeProvider.dll
C:\Program Files\dotnet\sdk\8.0.400\Extensions\Microsoft.VisualStudio.TestPlatform.Extensions.Html.TestLogger.dll
C:\Program Files\dotnet\sdk\8.0.400\Extensions\Microsoft.VisualStudio.TestPlatform.Extensions.Trx.TestLogger.dll
TpTrace Information: 0 : 96004, 1, 2024/10/28, 10:40:24.305, 14468229058823, vstest.console.dll, AssemblyResolver.AddSearchDirectories: Adding more searchDirectories C:\Program Files\dotnet\sdk\8.0.400\Extensions,C:\Program Files\dotnet\sdk\8.0.400
TpTrace Information: 0 : 96004, 1, 2024/10/28, 10:40:24.305, 14468229059225, vstest.console.dll, AssemblyResolver.AddSearchDirectories: Adding more searchDirectories C:\Program Files\dotnet\sdk\8.0.400\Extensions,C:\Program Files\dotnet\sdk\8.0.400
TpTrace Information: 0 : 96004, 1, 2024/10/28, 10:40:24.305, 14468229059399, vstest.console.dll, AssemblyResolver.AddSearchDirectories: Adding more searchDirectories C:\Program Files\dotnet\sdk\8.0.400\Extensions,C:\Program Files\dotnet\sdk\8.0.400
TpTrace Information: 0 : 96004, 1, 2024/10/28, 10:40:24.305, 14468229059547, vstest.console.dll, AssemblyResolver.AddSearchDirectories: Adding more searchDirectories C:\Program Files\dotnet\sdk\8.0.400\Extensions,C:\Program Files\dotnet\sdk\8.0.400
TpTrace Information: 0 : 96004, 1, 2024/10/28, 10:40:24.305, 14468229059691, vstest.console.dll, AssemblyResolver.AddSearchDirectories: Adding more searchDirectories C:\Program Files\dotnet\sdk\8.0.400\Extensions,C:\Program Files\dotnet\sdk\8.0.400
TpTrace Information: 0 : 96004, 1, 2024/10/28, 10:40:24.305, 14468229059834, vstest.console.dll, AssemblyResolver.AddSearchDirectories: Adding more searchDirectories C:\Program Files\dotnet\sdk\8.0.400\Extensions,C:\Program Files\dotnet\sdk\8.0.400
TpTrace Information: 0 : 96004, 1, 2024/10/28, 10:40:24.306, 14468229063533, vstest.console.dll, AssemblyResolver.OnResolve: Microsoft.Diagnostics.NETCore.Client: Resolving assembly.
TpTrace Information: 0 : 96004, 1, 2024/10/28, 10:40:24.306, 14468229064076, vstest.console.dll, AssemblyResolver.OnResolve: Microsoft.Diagnostics.NETCore.Client: Searching in: 'C:\Program Files\dotnet\sdk\8.0.400\Extensions'.
TpTrace Information: 0 : 96004, 1, 2024/10/28, 10:40:24.311, 14468229120380, vstest.console.dll, AssemblyResolver.OnResolve: Microsoft.Diagnostics.NETCore.Client: Loading assembly 'C:\Program Files\dotnet\sdk\8.0.400\Extensions\Microsoft.Diagnostics.NETCore.Client.dll'.
TpTrace Information: 0 : 96004, 1, 2024/10/28, 10:40:24.312, 14468229125539, vstest.console.dll, AssemblyResolver.OnResolve: Resolved assembly: Microsoft.Diagnostics.NETCore.Client, from path: C:\Program Files\dotnet\sdk\8.0.400\Extensions\Microsoft.Diagnostics.NETCore.Client.dll
TpTrace Verbose: 0 : 96004, 1, 2024/10/28, 10:40:24.315, 14468229160480, vstest.console.dll, MetadataReaderExtensionsHelper: Discovering extensions inside assembly 'Microsoft.Diagnostics.NETCore.Client, Version=0.2.10.30701, Culture=neutral, PublicKeyToken=31bf3856ad364e35' file path 'C:\Program Files\dotnet\sdk\8.0.400\Extensions\Microsoft.Diagnostics.NETCore.Client.dll'
TpTrace Information: 0 : 96004, 1, 2024/10/28, 10:40:24.318, 14468229187448, vstest.console.dll, AssemblyResolver.OnResolve: Microsoft.Bcl.AsyncInterfaces: Resolving assembly.
TpTrace Information: 0 : 96004, 1, 2024/10/28, 10:40:24.318, 14468229188363, vstest.console.dll, AssemblyResolver.OnResolve: Microsoft.Bcl.AsyncInterfaces: Searching in: 'C:\Program Files\dotnet\sdk\8.0.400\Extensions'.
TpTrace Information: 0 : 96004, 1, 2024/10/28, 10:40:24.318, 14468229188899, vstest.console.dll, AssemblyResolver.OnResolve: Microsoft.Bcl.AsyncInterfaces: Assembly path does not exist: 'C:\Program Files\dotnet\sdk\8.0.400\Extensions\Microsoft.Bcl.AsyncInterfaces.dll', returning.
TpTrace Information: 0 : 96004, 1, 2024/10/28, 10:40:24.318, 14468229189578, vstest.console.dll, AssemblyResolver.OnResolve: Microsoft.Bcl.AsyncInterfaces: Assembly path does not exist: 'C:\Program Files\dotnet\sdk\8.0.400\Extensions\Microsoft.Bcl.AsyncInterfaces.exe', returning.
TpTrace Information: 0 : 96004, 1, 2024/10/28, 10:40:24.318, 14468229189804, vstest.console.dll, AssemblyResolver.OnResolve: Microsoft.Bcl.AsyncInterfaces: Searching in: 'C:\Program Files\dotnet\sdk\8.0.400'.
TpTrace Information: 0 : 96004, 1, 2024/10/28, 10:40:24.318, 14468229190261, vstest.console.dll, AssemblyResolver.OnResolve: Microsoft.Bcl.AsyncInterfaces: Assembly path does not exist: 'C:\Program Files\dotnet\sdk\8.0.400\Microsoft.Bcl.AsyncInterfaces.dll', returning.
TpTrace Information: 0 : 96004, 1, 2024/10/28, 10:40:24.318, 14468229190531, vstest.console.dll, AssemblyResolver.OnResolve: Microsoft.Bcl.AsyncInterfaces: Assembly path does not exist: 'C:\Program Files\dotnet\sdk\8.0.400\Microsoft.Bcl.AsyncInterfaces.exe', returning.
TpTrace Information: 0 : 96004, 1, 2024/10/28, 10:40:24.318, 14468229190736, vstest.console.dll, AssemblyResolver.OnResolve: Microsoft.Bcl.AsyncInterfaces: Failed to load assembly.
TpTrace Verbose: 0 : 96004, 1, 2024/10/28, 10:40:24.318, 14468229190965, vstest.console.dll, CurrentDomainAssemblyResolve: Resolving assembly 'Microsoft.Bcl.AsyncInterfaces'.
TpTrace Information: 0 : 96004, 1, 2024/10/28, 10:40:24.319, 14468229191392, vstest.console.dll, AssemblyResolver.OnResolve: Microsoft.Bcl.AsyncInterfaces: Resolving assembly.
TpTrace Information: 0 : 96004, 1, 2024/10/28, 10:40:24.319, 14468229191621, vstest.console.dll, AssemblyResolver.OnResolve: Microsoft.Bcl.AsyncInterfaces: Resolved from cache.
TpTrace Verbose: 0 : 96004, 1, 2024/10/28, 10:40:24.319, 14468229191770, vstest.console.dll, CurrentDomainAssemblyResolve: Resolving assembly 'Microsoft.Bcl.AsyncInterfaces'.
TpTrace Verbose: 0 : 96004, 1, 2024/10/28, 10:40:24.319, 14468229191974, vstest.console.dll, CurrentDomainAssemblyResolve: Failed to resolve assembly 'Microsoft.Bcl.AsyncInterfaces'.
TpTrace Verbose: 0 : 96004, 1, 2024/10/28, 10:40:24.319, 14468229196442, vstest.console.dll, CurrentDomainAssemblyResolve: Failed to resolve assembly 'Microsoft.Bcl.AsyncInterfaces'.
TpTrace Warning: 0 : 96004, 1, 2024/10/28, 10:40:24.327, 14468229274114, vstest.console.dll, TestPluginDiscoverer: Failed to get types from assembly 'Microsoft.Diagnostics.NETCore.Client, Version=0.2.10.30701, Culture=neutral, PublicKeyToken=31bf3856ad364e35'. Error: System.Reflection.ReflectionTypeLoadException: Unable to load one or more of the requested types.
Could not load file or assembly 'Microsoft.Bcl.AsyncInterfaces, Version=6.0.0.0, Culture=neutral, PublicKeyToken=cc7b13ffcd2ddd51'. The system cannot find the file specified.
   at System.Reflection.RuntimeModule.GetTypes(RuntimeModule module)
   at System.Reflection.RuntimeModule.GetTypes()
   at Microsoft.VisualStudio.TestPlatform.Common.ExtensionFramework.TestPluginDiscoverer.GetTestExtensionsFromAssembly[TPluginInfo,TExtension](Assembly assembly, Dictionary`2 pluginInfos, String filePath) in /_/src/Microsoft.TestPlatform.Common/ExtensionFramework/TestPluginDiscoverer.cs:line 158
System.IO.FileNotFoundException: Could not load file or assembly 'Microsoft.Bcl.AsyncInterfaces, Version=6.0.0.0, Culture=neutral, PublicKeyToken=cc7b13ffcd2ddd51'. The system cannot find the file specified.
File name: 'Microsoft.Bcl.AsyncInterfaces, Version=6.0.0.0, Culture=neutral, PublicKeyToken=cc7b13ffcd2ddd51'
 ---> System.IO.FileNotFoundException: Could not load file or assembly 'Microsoft.Bcl.AsyncInterfaces, Culture=neutral, PublicKeyToken=null'. The system cannot find the file specified.
File name: 'Microsoft.Bcl.AsyncInterfaces, Culture=neutral, PublicKeyToken=null'
   at System.Reflection.RuntimeAssembly.InternalLoad(AssemblyName assemblyName, StackCrawlMark& stackMark, AssemblyLoadContext assemblyLoadContext, RuntimeAssembly requestingAssembly, Boolean throwOnFileNotFound)
   at System.Reflection.Assembly.Load(AssemblyName assemblyRef)
   at Microsoft.VisualStudio.TestPlatform.Common.ExtensionFramework.TestPluginCache.CurrentDomainAssemblyResolve(Object sender, AssemblyResolveEventArgs args) in /_/src/Microsoft.TestPlatform.Common/ExtensionFramework/TestPluginCache.cs:line 513
   at System.Runtime.Loader.AssemblyLoadContext.GetFirstResolvedAssemblyFromResolvingEvent(AssemblyName assemblyName)
   at System.Runtime.Loader.AssemblyLoadContext.ResolveUsingEvent(AssemblyName assemblyName)
   at System.Runtime.Loader.AssemblyLoadContext.ResolveUsingResolvingEvent(IntPtr gchManagedAssemblyLoadContext, AssemblyName assemblyName)
TpTrace Warning: 0 : 96004, 1, 2024/10/28, 10:40:24.327, 14468229278506, vstest.console.dll, LoaderExceptions: System.IO.FileNotFoundException: Could not load file or assembly 'Microsoft.Bcl.AsyncInterfaces, Version=6.0.0.0, Culture=neutral, PublicKeyToken=cc7b13ffcd2ddd51'. The system cannot find the file specified.
File name: 'Microsoft.Bcl.AsyncInterfaces, Version=6.0.0.0, Culture=neutral, PublicKeyToken=cc7b13ffcd2ddd51'
 ---> System.IO.FileNotFoundException: Could not load file or assembly 'Microsoft.Bcl.AsyncInterfaces, Culture=neutral, PublicKeyToken=null'. The system cannot find the file specified.
File name: 'Microsoft.Bcl.AsyncInterfaces, Culture=neutral, PublicKeyToken=null'
   at System.Reflection.RuntimeAssembly.InternalLoad(AssemblyName assemblyName, StackCrawlMark& stackMark, AssemblyLoadContext assemblyLoadContext, RuntimeAssembly requestingAssembly, Boolean throwOnFileNotFound)
   at System.Reflection.Assembly.Load(AssemblyName assemblyRef)
   at Microsoft.VisualStudio.TestPlatform.Common.ExtensionFramework.TestPluginCache.CurrentDomainAssemblyResolve(Object sender, AssemblyResolveEventArgs args) in /_/src/Microsoft.TestPlatform.Common/ExtensionFramework/TestPluginCache.cs:line 513
   at System.Runtime.Loader.AssemblyLoadContext.GetFirstResolvedAssemblyFromResolvingEvent(AssemblyName assemblyName)
   at System.Runtime.Loader.AssemblyLoadContext.ResolveUsingEvent(AssemblyName assemblyName)
   at System.Runtime.Loader.AssemblyLoadContext.ResolveUsingResolvingEvent(IntPtr gchManagedAssemblyLoadContext, AssemblyName assemblyName)
TpTrace Information: 0 : 96004, 1, 2024/10/28, 10:40:24.327, 14468229280201, vstest.console.dll, AssemblyResolver.OnResolve: Microsoft.TestPlatform.Extensions.BlameDataCollector: Resolving assembly.
TpTrace Information: 0 : 96004, 1, 2024/10/28, 10:40:24.327, 14468229280586, vstest.console.dll, AssemblyResolver.OnResolve: Microsoft.TestPlatform.Extensions.BlameDataCollector: Searching in: 'C:\Program Files\dotnet\sdk\8.0.400\Extensions'.
TpTrace Information: 0 : 96004, 1, 2024/10/28, 10:40:24.328, 14468229284003, vstest.console.dll, AssemblyResolver.OnResolve: Microsoft.TestPlatform.Extensions.BlameDataCollector: Loading assembly 'C:\Program Files\dotnet\sdk\8.0.400\Extensions\Microsoft.TestPlatform.Extensions.BlameDataCollector.dll'.
TpTrace Information: 0 : 96004, 1, 2024/10/28, 10:40:24.328, 14468229288710, vstest.console.dll, AssemblyResolver.OnResolve: Resolved assembly: Microsoft.TestPlatform.Extensions.BlameDataCollector, from path: C:\Program Files\dotnet\sdk\8.0.400\Extensions\Microsoft.TestPlatform.Extensions.BlameDataCollector.dll
TpTrace Verbose: 0 : 96004, 1, 2024/10/28, 10:40:24.328, 14468229289581, vstest.console.dll, MetadataReaderExtensionsHelper: Discovering extensions inside assembly 'Microsoft.TestPlatform.Extensions.BlameDataCollector, Version=15.0.0.0, Culture=neutral, PublicKeyToken=b03f5f7f11d50a3a' file path 'C:\Program Files\dotnet\sdk\8.0.400\Extensions\Microsoft.TestPlatform.Extensions.BlameDataCollector.dll'
TpTrace Information: 0 : 96004, 1, 2024/10/28, 10:40:24.330, 14468229303705, vstest.console.dll, AssemblyResolver.OnResolve: Microsoft.TestPlatform.Extensions.EventLogCollector: Resolving assembly.
TpTrace Information: 0 : 96004, 1, 2024/10/28, 10:40:24.330, 14468229304609, vstest.console.dll, AssemblyResolver.OnResolve: Microsoft.TestPlatform.Extensions.EventLogCollector: Searching in: 'C:\Program Files\dotnet\sdk\8.0.400\Extensions'.
TpTrace Information: 0 : 96004, 1, 2024/10/28, 10:40:24.330, 14468229307917, vstest.console.dll, AssemblyResolver.OnResolve: Microsoft.TestPlatform.Extensions.EventLogCollector: Loading assembly 'C:\Program Files\dotnet\sdk\8.0.400\Extensions\Microsoft.TestPlatform.Extensions.EventLogCollector.dll'.
TpTrace Information: 0 : 96004, 1, 2024/10/28, 10:40:24.331, 14468229311165, vstest.console.dll, AssemblyResolver.OnResolve: Resolved assembly: Microsoft.TestPlatform.Extensions.EventLogCollector, from path: C:\Program Files\dotnet\sdk\8.0.400\Extensions\Microsoft.TestPlatform.Extensions.EventLogCollector.dll
TpTrace Verbose: 0 : 96004, 1, 2024/10/28, 10:40:24.331, 14468229311836, vstest.console.dll, MetadataReaderExtensionsHelper: Discovering extensions inside assembly 'Microsoft.TestPlatform.Extensions.EventLogCollector, Version=15.0.0.0, Culture=neutral, PublicKeyToken=b03f5f7f11d50a3a' file path 'C:\Program Files\dotnet\sdk\8.0.400\Extensions\Microsoft.TestPlatform.Extensions.EventLogCollector.dll'
TpTrace Information: 0 : 96004, 1, 2024/10/28, 10:40:24.332, 14468229329477, vstest.console.dll, AssemblyResolver.OnResolve: Microsoft.TestPlatform.TestHostRuntimeProvider: Resolving assembly.
TpTrace Information: 0 : 96004, 1, 2024/10/28, 10:40:24.332, 14468229330436, vstest.console.dll, AssemblyResolver.OnResolve: Microsoft.TestPlatform.TestHostRuntimeProvider: Searching in: 'C:\Program Files\dotnet\sdk\8.0.400\Extensions'.
TpTrace Information: 0 : 96004, 1, 2024/10/28, 10:40:24.333, 14468229333178, vstest.console.dll, AssemblyResolver.OnResolve: Microsoft.TestPlatform.TestHostRuntimeProvider: Loading assembly 'C:\Program Files\dotnet\sdk\8.0.400\Extensions\Microsoft.TestPlatform.TestHostRuntimeProvider.dll'.
TpTrace Information: 0 : 96004, 1, 2024/10/28, 10:40:24.333, 14468229336472, vstest.console.dll, AssemblyResolver.OnResolve: Resolved assembly: Microsoft.TestPlatform.TestHostRuntimeProvider, from path: C:\Program Files\dotnet\sdk\8.0.400\Extensions\Microsoft.TestPlatform.TestHostRuntimeProvider.dll
TpTrace Verbose: 0 : 96004, 1, 2024/10/28, 10:40:24.333, 14468229337095, vstest.console.dll, MetadataReaderExtensionsHelper: Discovering extensions inside assembly 'Microsoft.TestPlatform.TestHostRuntimeProvider, Version=15.0.0.0, Culture=neutral, PublicKeyToken=b03f5f7f11d50a3a' file path 'C:\Program Files\dotnet\sdk\8.0.400\Extensions\Microsoft.TestPlatform.TestHostRuntimeProvider.dll'
TpTrace Information: 0 : 96004, 1, 2024/10/28, 10:40:24.334, 14468229351014, vstest.console.dll, GetTestExtensionFromType: Register extension with identifier data 'HostProvider://DefaultTestHost' and type 'Microsoft.VisualStudio.TestPlatform.CrossPlatEngine.Hosting.DefaultTestHostManager, Microsoft.TestPlatform.TestHostRuntimeProvider, Version=15.0.0.0, Culture=neutral, PublicKeyToken=b03f5f7f11d50a3a' inside file 'C:\Program Files\dotnet\sdk\8.0.400\Extensions\Microsoft.TestPlatform.TestHostRuntimeProvider.dll'
TpTrace Information: 0 : 96004, 1, 2024/10/28, 10:40:24.335, 14468229354502, vstest.console.dll, GetTestExtensionFromType: Register extension with identifier data 'HostProvider://DotnetTestHost' and type 'Microsoft.VisualStudio.TestPlatform.CrossPlatEngine.Hosting.DotnetTestHostManager, Microsoft.TestPlatform.TestHostRuntimeProvider, Version=15.0.0.0, Culture=neutral, PublicKeyToken=b03f5f7f11d50a3a' inside file 'C:\Program Files\dotnet\sdk\8.0.400\Extensions\Microsoft.TestPlatform.TestHostRuntimeProvider.dll'
TpTrace Information: 0 : 96004, 1, 2024/10/28, 10:40:24.335, 14468229355651, vstest.console.dll, AssemblyResolver.OnResolve: Microsoft.VisualStudio.TestPlatform.Extensions.Html.TestLogger: Resolving assembly.
TpTrace Information: 0 : 96004, 1, 2024/10/28, 10:40:24.335, 14468229355918, vstest.console.dll, AssemblyResolver.OnResolve: Microsoft.VisualStudio.TestPlatform.Extensions.Html.TestLogger: Searching in: 'C:\Program Files\dotnet\sdk\8.0.400\Extensions'.
TpTrace Information: 0 : 96004, 1, 2024/10/28, 10:40:24.335, 14468229359317, vstest.console.dll, AssemblyResolver.OnResolve: Microsoft.VisualStudio.TestPlatform.Extensions.Html.TestLogger: Loading assembly 'C:\Program Files\dotnet\sdk\8.0.400\Extensions\Microsoft.VisualStudio.TestPlatform.Extensions.Html.TestLogger.dll'.
TpTrace Information: 0 : 96004, 1, 2024/10/28, 10:40:24.336, 14468229362673, vstest.console.dll, AssemblyResolver.OnResolve: Resolved assembly: Microsoft.VisualStudio.TestPlatform.Extensions.Html.TestLogger, from path: C:\Program Files\dotnet\sdk\8.0.400\Extensions\Microsoft.VisualStudio.TestPlatform.Extensions.Html.TestLogger.dll
TpTrace Verbose: 0 : 96004, 1, 2024/10/28, 10:40:24.336, 14468229363201, vstest.console.dll, MetadataReaderExtensionsHelper: Discovering extensions inside assembly 'Microsoft.VisualStudio.TestPlatform.Extensions.Html.TestLogger, Version=15.0.0.0, Culture=neutral, PublicKeyToken=b03f5f7f11d50a3a' file path 'C:\Program Files\dotnet\sdk\8.0.400\Extensions\Microsoft.VisualStudio.TestPlatform.Extensions.Html.TestLogger.dll'
TpTrace Information: 0 : 96004, 1, 2024/10/28, 10:40:24.336, 14468229370889, vstest.console.dll, AssemblyResolver.OnResolve: Microsoft.VisualStudio.TestPlatform.Extensions.Trx.TestLogger: Resolving assembly.
TpTrace Information: 0 : 96004, 1, 2024/10/28, 10:40:24.337, 14468229371728, vstest.console.dll, AssemblyResolver.OnResolve: Microsoft.VisualStudio.TestPlatform.Extensions.Trx.TestLogger: Searching in: 'C:\Program Files\dotnet\sdk\8.0.400\Extensions'.
TpTrace Information: 0 : 96004, 1, 2024/10/28, 10:40:24.337, 14468229373918, vstest.console.dll, AssemblyResolver.OnResolve: Microsoft.VisualStudio.TestPlatform.Extensions.Trx.TestLogger: Loading assembly 'C:\Program Files\dotnet\sdk\8.0.400\Extensions\Microsoft.VisualStudio.TestPlatform.Extensions.Trx.TestLogger.dll'.
TpTrace Information: 0 : 96004, 1, 2024/10/28, 10:40:24.337, 14468229377131, vstest.console.dll, AssemblyResolver.OnResolve: Resolved assembly: Microsoft.VisualStudio.TestPlatform.Extensions.Trx.TestLogger, from path: C:\Program Files\dotnet\sdk\8.0.400\Extensions\Microsoft.VisualStudio.TestPlatform.Extensions.Trx.TestLogger.dll
TpTrace Verbose: 0 : 96004, 1, 2024/10/28, 10:40:24.337, 14468229377667, vstest.console.dll, MetadataReaderExtensionsHelper: Discovering extensions inside assembly 'Microsoft.VisualStudio.TestPlatform.Extensions.Trx.TestLogger, Version=15.0.0.0, Culture=neutral, PublicKeyToken=b03f5f7f11d50a3a' file path 'C:\Program Files\dotnet\sdk\8.0.400\Extensions\Microsoft.VisualStudio.TestPlatform.Extensions.Trx.TestLogger.dll'
TpTrace Verbose: 0 : 96004, 1, 2024/10/28, 10:40:24.338, 14468229385400, vstest.console.dll, TestPluginCache: Discovered the extensions using extension path ''.
TpTrace Verbose: 0 : 96004, 1, 2024/10/28, 10:40:24.338, 14468229385923, vstest.console.dll, TestPluginCache: Discoverers are ''.
TpTrace Verbose: 0 : 96004, 1, 2024/10/28, 10:40:24.338, 14468229386063, vstest.console.dll, TestPluginCache: Executors are ''.
TpTrace Verbose: 0 : 96004, 1, 2024/10/28, 10:40:24.338, 14468229386183, vstest.console.dll, TestPluginCache: Executors2 are ''.
TpTrace Verbose: 0 : 96004, 1, 2024/10/28, 10:40:24.338, 14468229386301, vstest.console.dll, TestPluginCache: Setting providers are ''.
TpTrace Verbose: 0 : 96004, 1, 2024/10/28, 10:40:24.338, 14468229386420, vstest.console.dll, TestPluginCache: Loggers are ''.
TpTrace Verbose: 0 : 96004, 1, 2024/10/28, 10:40:24.338, 14468229387964, vstest.console.dll, TestPluginCache: TestHosts are 'HostProvider://DefaultTestHost,HostProvider://DotnetTestHost'.
TpTrace Verbose: 0 : 96004, 1, 2024/10/28, 10:40:24.338, 14468229388176, vstest.console.dll, TestPluginCache: DataCollectors are ''.
TpTrace Information: 0 : 96004, 1, 2024/10/28, 10:40:24.348, 14468229487364, vstest.console.dll, RunTestsArgumentProcessor:Execute: Test run is starting.
TpTrace Verbose: 0 : 96004, 1, 2024/10/28, 10:40:24.348, 14468229488253, vstest.console.dll, RunTestsArgumentProcessor:Execute: Queuing Test run.
TpTrace Information: 0 : 96004, 1, 2024/10/28, 10:40:24.348, 14468229490135, vstest.console.dll, TestRequestManager.RunTests: run tests started.
TpTrace Information: 0 : 96004, 1, 2024/10/28, 10:40:24.349, 14468229500069, vstest.console.dll, AssemblyMetadataProvider.GetFrameworkName: Determined framework:'.NETCoreApp,Version=v6.0' for source: 'D:\Corp\GenSpark\Celsior\Participants\Day29\EFCoreSolution\EFCoreTest\bin\Debug\net6.0\fine-code-coverage\build-output\EFCoreTest.dll'
TpTrace Information: 0 : 96004, 1, 2024/10/28, 10:40:24.350, 14468229501608, vstest.console.dll, Determined framework for all sources: .NETCoreApp,Version=v6.0
TpTrace Verbose: 0 : 96004, 1, 2024/10/28, 10:40:24.350, 14468229503969, vstest.console.dll, TestRequestManager.UpdateRunSettingsIfRequired: Default architecture: X64 IsDefaultTargetArchitecture: True, Current process architecture: X64 OperatingSystem: Windows.
TpTrace Information: 0 : 96004, 1, 2024/10/28, 10:40:24.351, 14468229518331, vstest.console.dll, AssemblyMetadataProvider.GetArchitecture: Determined architecture:AnyCPU info for assembly: D:\Corp\GenSpark\Celsior\Participants\Day29\EFCoreSolution\EFCoreTest\bin\Debug\net6.0\fine-code-coverage\build-output\EFCoreTest.dll
TpTrace Information: 0 : 96004, 1, 2024/10/28, 10:40:24.351, 14468229519166, vstest.console.dll, Determined platform for source 'D:\Corp\GenSpark\Celsior\Participants\Day29\EFCoreSolution\EFCoreTest\bin\Debug\net6.0\fine-code-coverage\build-output\EFCoreTest.dll' was AnyCPU and it will use the default plaform X64.
TpTrace Information: 0 : 96004, 1, 2024/10/28, 10:40:24.351, 14468229519341, vstest.console.dll, None of the sources provided any runnable platform, using the default platform: X64
TpTrace Information: 0 : 96004, 1, 2024/10/28, 10:40:24.351, 14468229520143, vstest.console.dll, Platform was updated to 'X64'.
TpTrace Information: 0 : 96004, 1, 2024/10/28, 10:40:24.354, 14468229543441, vstest.console.dll, InferRunSettingsHelper.IsTestSettingsEnabled: Unable to navigate to RunSettings/MSTest. Current node: RunSettings
TpTrace Information: 0 : 96004, 1, 2024/10/28, 10:40:24.354, 14468229548594, vstest.console.dll, AssemblyResolver.OnResolve: Microsoft.VisualStudio.TestPlatform.Fakes: Resolving assembly.
TpTrace Information: 0 : 96004, 1, 2024/10/28, 10:40:24.354, 14468229549087, vstest.console.dll, AssemblyResolver.OnResolve: Microsoft.VisualStudio.TestPlatform.Fakes: Searching in: 'C:\Program Files\dotnet\sdk\8.0.400\Extensions'.
TpTrace Information: 0 : 96004, 1, 2024/10/28, 10:40:24.354, 14468229549824, vstest.console.dll, AssemblyResolver.OnResolve: Microsoft.VisualStudio.TestPlatform.Fakes: Assembly path does not exist: 'C:\Program Files\dotnet\sdk\8.0.400\Extensions\Microsoft.VisualStudio.TestPlatform.Fakes.dll', returning.
TpTrace Information: 0 : 96004, 1, 2024/10/28, 10:40:24.354, 14468229550118, vstest.console.dll, AssemblyResolver.OnResolve: Microsoft.VisualStudio.TestPlatform.Fakes: Assembly path does not exist: 'C:\Program Files\dotnet\sdk\8.0.400\Extensions\Microsoft.VisualStudio.TestPlatform.Fakes.exe', returning.
TpTrace Information: 0 : 96004, 1, 2024/10/28, 10:40:24.354, 14468229550324, vstest.console.dll, AssemblyResolver.OnResolve: Microsoft.VisualStudio.TestPlatform.Fakes: Searching in: 'C:\Program Files\dotnet\sdk\8.0.400'.
TpTrace Information: 0 : 96004, 1, 2024/10/28, 10:40:24.354, 14468229550649, vstest.console.dll, AssemblyResolver.OnResolve: Microsoft.VisualStudio.TestPlatform.Fakes: Assembly path does not exist: 'C:\Program Files\dotnet\sdk\8.0.400\Microsoft.VisualStudio.TestPlatform.Fakes.dll', returning.
TpTrace Information: 0 : 96004, 1, 2024/10/28, 10:40:24.354, 14468229551041, vstest.console.dll, AssemblyResolver.OnResolve: Microsoft.VisualStudio.TestPlatform.Fakes: Assembly path does not exist: 'C:\Program Files\dotnet\sdk\8.0.400\Microsoft.VisualStudio.TestPlatform.Fakes.exe', returning.
TpTrace Information: 0 : 96004, 1, 2024/10/28, 10:40:24.355, 14468229551193, vstest.console.dll, AssemblyResolver.OnResolve: Microsoft.VisualStudio.TestPlatform.Fakes: Failed to load assembly.
TpTrace Information: 0 : 96004, 1, 2024/10/28, 10:40:24.355, 14468229553675, vstest.console.dll, Failed to load assembly Microsoft.VisualStudio.TestPlatform.Fakes, Version=17.0.0.0, Culture=neutral. Reason:System.IO.FileNotFoundException: Could not load file or assembly 'Microsoft.VisualStudio.TestPlatform.Fakes, Version=17.0.0.0, Culture=neutral, PublicKeyToken=null'. The system cannot find the file specified.
File name: 'Microsoft.VisualStudio.TestPlatform.Fakes, Version=17.0.0.0, Culture=neutral, PublicKeyToken=null'
   at System.Reflection.RuntimeAssembly.InternalLoad(AssemblyName assemblyName, StackCrawlMark& stackMark, AssemblyLoadContext assemblyLoadContext, RuntimeAssembly requestingAssembly, Boolean throwOnFileNotFound)
   at System.Reflection.Assembly.Load(AssemblyName assemblyRef)
   at Microsoft.VisualStudio.TestPlatform.Common.Utilities.FakesUtilities.LoadTestPlatformAssembly() in /_/src/Microsoft.TestPlatform.Common/Utilities/FakesUtilities.cs:line 272
TpTrace Verbose: 0 : 96004, 1, 2024/10/28, 10:40:24.358, 14468229584107, vstest.console.dll, TestPluginCache.DiscoverTestExtensions: finding test extensions in assemblies ends with: TestLogger.dll TPluginInfo: Microsoft.VisualStudio.TestPlatform.Common.ExtensionFramework.Utilities.TestLoggerPluginInformation TExtension: Microsoft.VisualStudio.TestPlatform.ObjectModel.Client.ITestLogger
TpTrace Verbose: 0 : 96004, 1, 2024/10/28, 10:40:24.358, 14468229585014, vstest.console.dll, TestPluginCache.GetExtensionPaths: Filtered extension paths: 
TpTrace Verbose: 0 : 96004, 1, 2024/10/28, 10:40:24.358, 14468229585196, vstest.console.dll, TestPluginCache.GetExtensionPaths: Added default extension paths: C:\Program Files\dotnet\sdk\8.0.400\Extensions\Microsoft.Diagnostics.NETCore.Client.dll
C:\Program Files\dotnet\sdk\8.0.400\Extensions\Microsoft.TestPlatform.Extensions.BlameDataCollector.dll
C:\Program Files\dotnet\sdk\8.0.400\Extensions\Microsoft.TestPlatform.Extensions.EventLogCollector.dll
C:\Program Files\dotnet\sdk\8.0.400\Extensions\Microsoft.TestPlatform.TestHostRuntimeProvider.dll
C:\Program Files\dotnet\sdk\8.0.400\Extensions\Microsoft.VisualStudio.TestPlatform.Extensions.Html.TestLogger.dll
C:\Program Files\dotnet\sdk\8.0.400\Extensions\Microsoft.VisualStudio.TestPlatform.Extensions.Trx.TestLogger.dll
TpTrace Verbose: 0 : 96004, 1, 2024/10/28, 10:40:24.358, 14468229585366, vstest.console.dll, TestPluginCache.GetExtensionPaths: Added unfilterableExtensionPaths: 
TpTrace Information: 0 : 96004, 1, 2024/10/28, 10:40:24.358, 14468229586331, vstest.console.dll, AssemblyResolver.AddSearchDirectories: Adding more searchDirectories C:\Program Files\dotnet\sdk\8.0.400\Extensions,C:\Program Files\dotnet\sdk\8.0.400
TpTrace Verbose: 0 : 96004, 1, 2024/10/28, 10:40:24.358, 14468229586591, vstest.console.dll, TestPluginCache.DiscoverTestExtensions: Discovering the extensions using extension path.
TpTrace Verbose: 0 : 96004, 1, 2024/10/28, 10:40:24.358, 14468229586776, vstest.console.dll, TestPluginCache.GetExtensionPaths: Filtered extension paths: 
TpTrace Verbose: 0 : 96004, 1, 2024/10/28, 10:40:24.358, 14468229586938, vstest.console.dll, TestPluginCache.GetExtensionPaths: Added default extension paths: C:\Program Files\dotnet\sdk\8.0.400\Extensions\Microsoft.Diagnostics.NETCore.Client.dll
C:\Program Files\dotnet\sdk\8.0.400\Extensions\Microsoft.TestPlatform.Extensions.BlameDataCollector.dll
C:\Program Files\dotnet\sdk\8.0.400\Extensions\Microsoft.TestPlatform.Extensions.EventLogCollector.dll
C:\Program Files\dotnet\sdk\8.0.400\Extensions\Microsoft.TestPlatform.TestHostRuntimeProvider.dll
C:\Program Files\dotnet\sdk\8.0.400\Extensions\Microsoft.VisualStudio.TestPlatform.Extensions.Html.TestLogger.dll
C:\Program Files\dotnet\sdk\8.0.400\Extensions\Microsoft.VisualStudio.TestPlatform.Extensions.Trx.TestLogger.dll
TpTrace Verbose: 0 : 96004, 1, 2024/10/28, 10:40:24.358, 14468229587076, vstest.console.dll, TestPluginCache.GetExtensionPaths: Added unfilterableExtensionPaths: 
TpTrace Verbose: 0 : 96004, 1, 2024/10/28, 10:40:24.358, 14468229587237, vstest.console.dll, TestPluginCache.DiscoverTestExtensions: Discovering the extensions using allExtensionPaths: C:\Program Files\dotnet\sdk\8.0.400\Extensions\Microsoft.Diagnostics.NETCore.Client.dll
C:\Program Files\dotnet\sdk\8.0.400\Extensions\Microsoft.TestPlatform.Extensions.BlameDataCollector.dll
C:\Program Files\dotnet\sdk\8.0.400\Extensions\Microsoft.TestPlatform.Extensions.EventLogCollector.dll
C:\Program Files\dotnet\sdk\8.0.400\Extensions\Microsoft.TestPlatform.TestHostRuntimeProvider.dll
C:\Program Files\dotnet\sdk\8.0.400\Extensions\Microsoft.VisualStudio.TestPlatform.Extensions.Html.TestLogger.dll
C:\Program Files\dotnet\sdk\8.0.400\Extensions\Microsoft.VisualStudio.TestPlatform.Extensions.Trx.TestLogger.dll
TpTrace Information: 0 : 96004, 1, 2024/10/28, 10:40:24.358, 14468229587856, vstest.console.dll, AssemblyResolver.AddSearchDirectories: Adding more searchDirectories C:\Program Files\dotnet\sdk\8.0.400\Extensions,C:\Program Files\dotnet\sdk\8.0.400
TpTrace Information: 0 : 96004, 1, 2024/10/28, 10:40:24.358, 14468229588068, vstest.console.dll, AssemblyResolver.AddSearchDirectories: Adding more searchDirectories C:\Program Files\dotnet\sdk\8.0.400\Extensions,C:\Program Files\dotnet\sdk\8.0.400
TpTrace Information: 0 : 96004, 1, 2024/10/28, 10:40:24.358, 14468229588214, vstest.console.dll, AssemblyResolver.AddSearchDirectories: Adding more searchDirectories C:\Program Files\dotnet\sdk\8.0.400\Extensions,C:\Program Files\dotnet\sdk\8.0.400
TpTrace Information: 0 : 96004, 1, 2024/10/28, 10:40:24.358, 14468229588360, vstest.console.dll, AssemblyResolver.AddSearchDirectories: Adding more searchDirectories C:\Program Files\dotnet\sdk\8.0.400\Extensions,C:\Program Files\dotnet\sdk\8.0.400
TpTrace Information: 0 : 96004, 1, 2024/10/28, 10:40:24.358, 14468229588537, vstest.console.dll, AssemblyResolver.AddSearchDirectories: Adding more searchDirectories C:\Program Files\dotnet\sdk\8.0.400\Extensions,C:\Program Files\dotnet\sdk\8.0.400
TpTrace Information: 0 : 96004, 1, 2024/10/28, 10:40:24.358, 14468229588680, vstest.console.dll, AssemblyResolver.AddSearchDirectories: Adding more searchDirectories C:\Program Files\dotnet\sdk\8.0.400\Extensions,C:\Program Files\dotnet\sdk\8.0.400
TpTrace Verbose: 0 : 96004, 1, 2024/10/28, 10:40:24.358, 14468229589373, vstest.console.dll, MetadataReaderExtensionsHelper: Discovering extensions inside assembly 'Microsoft.Diagnostics.NETCore.Client, Version=0.2.10.30701, Culture=neutral, PublicKeyToken=31bf3856ad364e35' file path 'C:\Program Files\dotnet\sdk\8.0.400\Extensions\Microsoft.Diagnostics.NETCore.Client.dll'
TpTrace Information: 0 : 96004, 1, 2024/10/28, 10:40:24.359, 14468229594729, vstest.console.dll, AssemblyResolver.OnResolve: Microsoft.Bcl.AsyncInterfaces: Resolving assembly.
TpTrace Information: 0 : 96004, 1, 2024/10/28, 10:40:24.359, 14468229595182, vstest.console.dll, AssemblyResolver.OnResolve: Microsoft.Bcl.AsyncInterfaces: Resolved from cache.
TpTrace Verbose: 0 : 96004, 1, 2024/10/28, 10:40:24.359, 14468229595342, vstest.console.dll, CurrentDomainAssemblyResolve: Resolving assembly 'Microsoft.Bcl.AsyncInterfaces'.
TpTrace Information: 0 : 96004, 1, 2024/10/28, 10:40:24.359, 14468229595594, vstest.console.dll, AssemblyResolver.OnResolve: Microsoft.Bcl.AsyncInterfaces: Resolving assembly.
TpTrace Information: 0 : 96004, 1, 2024/10/28, 10:40:24.359, 14468229595757, vstest.console.dll, AssemblyResolver.OnResolve: Microsoft.Bcl.AsyncInterfaces: Resolved from cache.
TpTrace Verbose: 0 : 96004, 1, 2024/10/28, 10:40:24.359, 14468229595888, vstest.console.dll, CurrentDomainAssemblyResolve: Resolving assembly 'Microsoft.Bcl.AsyncInterfaces'.
TpTrace Verbose: 0 : 96004, 1, 2024/10/28, 10:40:24.359, 14468229596011, vstest.console.dll, CurrentDomainAssemblyResolve: Failed to resolve assembly 'Microsoft.Bcl.AsyncInterfaces'.
TpTrace Verbose: 0 : 96004, 1, 2024/10/28, 10:40:24.359, 14468229596946, vstest.console.dll, CurrentDomainAssemblyResolve: Failed to resolve assembly 'Microsoft.Bcl.AsyncInterfaces'.
TpTrace Warning: 0 : 96004, 1, 2024/10/28, 10:40:24.359, 14468229599478, vstest.console.dll, TestPluginDiscoverer: Failed to get types from assembly 'Microsoft.Diagnostics.NETCore.Client, Version=0.2.10.30701, Culture=neutral, PublicKeyToken=31bf3856ad364e35'. Error: System.Reflection.ReflectionTypeLoadException: Unable to load one or more of the requested types.
Could not load file or assembly 'Microsoft.Bcl.AsyncInterfaces, Version=6.0.0.0, Culture=neutral, PublicKeyToken=cc7b13ffcd2ddd51'. The system cannot find the file specified.
   at System.Reflection.RuntimeModule.GetTypes(RuntimeModule module)
   at System.Reflection.RuntimeModule.GetTypes()
   at Microsoft.VisualStudio.TestPlatform.Common.ExtensionFramework.TestPluginDiscoverer.GetTestExtensionsFromAssembly[TPluginInfo,TExtension](Assembly assembly, Dictionary`2 pluginInfos, String filePath) in /_/src/Microsoft.TestPlatform.Common/ExtensionFramework/TestPluginDiscoverer.cs:line 158
System.IO.FileNotFoundException: Could not load file or assembly 'Microsoft.Bcl.AsyncInterfaces, Version=6.0.0.0, Culture=neutral, PublicKeyToken=cc7b13ffcd2ddd51'. The system cannot find the file specified.
File name: 'Microsoft.Bcl.AsyncInterfaces, Version=6.0.0.0, Culture=neutral, PublicKeyToken=cc7b13ffcd2ddd51'
 ---> System.IO.FileNotFoundException: Could not load file or assembly 'Microsoft.Bcl.AsyncInterfaces, Culture=neutral, PublicKeyToken=null'. The system cannot find the file specified.
File name: 'Microsoft.Bcl.AsyncInterfaces, Culture=neutral, PublicKeyToken=null'
   at System.Reflection.RuntimeAssembly.InternalLoad(AssemblyName assemblyName, StackCrawlMark& stackMark, AssemblyLoadContext assemblyLoadContext, RuntimeAssembly requestingAssembly, Boolean throwOnFileNotFound)
   at System.Reflection.Assembly.Load(AssemblyName assemblyRef)
   at Microsoft.VisualStudio.TestPlatform.Common.ExtensionFramework.TestPluginCache.CurrentDomainAssemblyResolve(Object sender, AssemblyResolveEventArgs args) in /_/src/Microsoft.TestPlatform.Common/ExtensionFramework/TestPluginCache.cs:line 513
   at System.Runtime.Loader.AssemblyLoadContext.GetFirstResolvedAssemblyFromResolvingEvent(AssemblyName assemblyName)
   at System.Runtime.Loader.AssemblyLoadContext.ResolveUsingEvent(AssemblyName assemblyName)
   at System.Runtime.Loader.AssemblyLoadContext.ResolveUsingResolvingEvent(IntPtr gchManagedAssemblyLoadContext, AssemblyName assemblyName)
TpTrace Warning: 0 : 96004, 1, 2024/10/28, 10:40:24.359, 14468229600446, vstest.console.dll, LoaderExceptions: System.IO.FileNotFoundException: Could not load file or assembly 'Microsoft.Bcl.AsyncInterfaces, Version=6.0.0.0, Culture=neutral, PublicKeyToken=cc7b13ffcd2ddd51'. The system cannot find the file specified.
File name: 'Microsoft.Bcl.AsyncInterfaces, Version=6.0.0.0, Culture=neutral, PublicKeyToken=cc7b13ffcd2ddd51'
 ---> System.IO.FileNotFoundException: Could not load file or assembly 'Microsoft.Bcl.AsyncInterfaces, Culture=neutral, PublicKeyToken=null'. The system cannot find the file specified.
File name: 'Microsoft.Bcl.AsyncInterfaces, Culture=neutral, PublicKeyToken=null'
   at System.Reflection.RuntimeAssembly.InternalLoad(AssemblyName assemblyName, StackCrawlMark& stackMark, AssemblyLoadContext assemblyLoadContext, RuntimeAssembly requestingAssembly, Boolean throwOnFileNotFound)
   at System.Reflection.Assembly.Load(AssemblyName assemblyRef)
   at Microsoft.VisualStudio.TestPlatform.Common.ExtensionFramework.TestPluginCache.CurrentDomainAssemblyResolve(Object sender, AssemblyResolveEventArgs args) in /_/src/Microsoft.TestPlatform.Common/ExtensionFramework/TestPluginCache.cs:line 513
   at System.Runtime.Loader.AssemblyLoadContext.GetFirstResolvedAssemblyFromResolvingEvent(AssemblyName assemblyName)
   at System.Runtime.Loader.AssemblyLoadContext.ResolveUsingEvent(AssemblyName assemblyName)
   at System.Runtime.Loader.AssemblyLoadContext.ResolveUsingResolvingEvent(IntPtr gchManagedAssemblyLoadContext, AssemblyName assemblyName)
TpTrace Verbose: 0 : 96004, 1, 2024/10/28, 10:40:24.360, 14468229601302, vstest.console.dll, MetadataReaderExtensionsHelper: Discovering extensions inside assembly 'Microsoft.TestPlatform.Extensions.BlameDataCollector, Version=15.0.0.0, Culture=neutral, PublicKeyToken=b03f5f7f11d50a3a' file path 'C:\Program Files\dotnet\sdk\8.0.400\Extensions\Microsoft.TestPlatform.Extensions.BlameDataCollector.dll'
TpTrace Information: 0 : 96004, 1, 2024/10/28, 10:40:24.360, 14468229605480, vstest.console.dll, GetTestExtensionFromType: Register extension with identifier data 'logger://Microsoft/TestPlatform/Extensions/Blame/v1' and type 'Microsoft.TestPlatform.Extensions.BlameDataCollector.BlameLogger, Microsoft.TestPlatform.Extensions.BlameDataCollector, Version=15.0.0.0, Culture=neutral, PublicKeyToken=b03f5f7f11d50a3a' inside file 'C:\Program Files\dotnet\sdk\8.0.400\Extensions\Microsoft.TestPlatform.Extensions.BlameDataCollector.dll'
TpTrace Verbose: 0 : 96004, 1, 2024/10/28, 10:40:24.360, 14468229606053, vstest.console.dll, MetadataReaderExtensionsHelper: Discovering extensions inside assembly 'Microsoft.TestPlatform.Extensions.EventLogCollector, Version=15.0.0.0, Culture=neutral, PublicKeyToken=b03f5f7f11d50a3a' file path 'C:\Program Files\dotnet\sdk\8.0.400\Extensions\Microsoft.TestPlatform.Extensions.EventLogCollector.dll'
TpTrace Verbose: 0 : 96004, 1, 2024/10/28, 10:40:24.360, 14468229608428, vstest.console.dll, MetadataReaderExtensionsHelper: Discovering extensions inside assembly 'Microsoft.TestPlatform.TestHostRuntimeProvider, Version=15.0.0.0, Culture=neutral, PublicKeyToken=b03f5f7f11d50a3a' file path 'C:\Program Files\dotnet\sdk\8.0.400\Extensions\Microsoft.TestPlatform.TestHostRuntimeProvider.dll'
TpTrace Verbose: 0 : 96004, 1, 2024/10/28, 10:40:24.360, 14468229610381, vstest.console.dll, MetadataReaderExtensionsHelper: Discovering extensions inside assembly 'Microsoft.VisualStudio.TestPlatform.Extensions.Html.TestLogger, Version=15.0.0.0, Culture=neutral, PublicKeyToken=b03f5f7f11d50a3a' file path 'C:\Program Files\dotnet\sdk\8.0.400\Extensions\Microsoft.VisualStudio.TestPlatform.Extensions.Html.TestLogger.dll'
TpTrace Information: 0 : 96004, 1, 2024/10/28, 10:40:24.361, 14468229613954, vstest.console.dll, GetTestExtensionFromType: Register extension with identifier data 'logger://Microsoft/TestPlatform/HtmlLogger/v1' and type 'Microsoft.VisualStudio.TestPlatform.Extensions.HtmlLogger.HtmlLogger, Microsoft.VisualStudio.TestPlatform.Extensions.Html.TestLogger, Version=15.0.0.0, Culture=neutral, PublicKeyToken=b03f5f7f11d50a3a' inside file 'C:\Program Files\dotnet\sdk\8.0.400\Extensions\Microsoft.VisualStudio.TestPlatform.Extensions.Html.TestLogger.dll'
TpTrace Verbose: 0 : 96004, 1, 2024/10/28, 10:40:24.361, 14468229614380, vstest.console.dll, MetadataReaderExtensionsHelper: Discovering extensions inside assembly 'Microsoft.VisualStudio.TestPlatform.Extensions.Trx.TestLogger, Version=15.0.0.0, Culture=neutral, PublicKeyToken=b03f5f7f11d50a3a' file path 'C:\Program Files\dotnet\sdk\8.0.400\Extensions\Microsoft.VisualStudio.TestPlatform.Extensions.Trx.TestLogger.dll'
TpTrace Information: 0 : 96004, 1, 2024/10/28, 10:40:24.361, 14468229616465, vstest.console.dll, GetTestExtensionFromType: Register extension with identifier data 'logger://Microsoft/TestPlatform/TrxLogger/v1' and type 'Microsoft.VisualStudio.TestPlatform.Extensions.TrxLogger.TrxLogger, Microsoft.VisualStudio.TestPlatform.Extensions.Trx.TestLogger, Version=15.0.0.0, Culture=neutral, PublicKeyToken=b03f5f7f11d50a3a' inside file 'C:\Program Files\dotnet\sdk\8.0.400\Extensions\Microsoft.VisualStudio.TestPlatform.Extensions.Trx.TestLogger.dll'
TpTrace Verbose: 0 : 96004, 1, 2024/10/28, 10:40:24.361, 14468229616906, vstest.console.dll, TestPluginCache: Discovered the extensions using extension path ''.
TpTrace Verbose: 0 : 96004, 1, 2024/10/28, 10:40:24.361, 14468229617067, vstest.console.dll, TestPluginCache: Discoverers are ''.
TpTrace Verbose: 0 : 96004, 1, 2024/10/28, 10:40:24.361, 14468229617189, vstest.console.dll, TestPluginCache: Executors are ''.
TpTrace Verbose: 0 : 96004, 1, 2024/10/28, 10:40:24.361, 14468229617307, vstest.console.dll, TestPluginCache: Executors2 are ''.
TpTrace Verbose: 0 : 96004, 1, 2024/10/28, 10:40:24.361, 14468229617506, vstest.console.dll, TestPluginCache: Setting providers are ''.
TpTrace Verbose: 0 : 96004, 1, 2024/10/28, 10:40:24.361, 14468229617958, vstest.console.dll, TestPluginCache: Loggers are 'logger://Microsoft/TestPlatform/Extensions/Blame/v1,logger://Microsoft/TestPlatform/HtmlLogger/v1,logger://Microsoft/TestPlatform/TrxLogger/v1'.
TpTrace Verbose: 0 : 96004, 1, 2024/10/28, 10:40:24.361, 14468229618194, vstest.console.dll, TestPluginCache: TestHosts are 'HostProvider://DefaultTestHost,HostProvider://DotnetTestHost'.
TpTrace Verbose: 0 : 96004, 1, 2024/10/28, 10:40:24.361, 14468229618328, vstest.console.dll, TestPluginCache: DataCollectors are ''.
TpTrace Information: 0 : 96004, 1, 2024/10/28, 10:40:24.362, 14468229624949, vstest.console.dll, TestPluginManager.CreateTestExtension: Attempting to load test extension: Microsoft.TestPlatform.Extensions.BlameDataCollector.BlameLogger
TpTrace Verbose: 0 : 96004, 1, 2024/10/28, 10:40:24.367, 14468229679183, vstest.console.dll, TestEngine: Initializing Parallel Execution as MaxCpuCount is set to: 1
TpTrace Information: 0 : 96004, 1, 2024/10/28, 10:40:24.369, 14468229691548, vstest.console.dll, TestPluginManager.CreateTestExtension: Attempting to load test extension: Microsoft.VisualStudio.TestPlatform.CrossPlatEngine.Hosting.DefaultTestHostManager
TpTrace Information: 0 : 96004, 1, 2024/10/28, 10:40:24.369, 14468229697168, vstest.console.dll, TestPluginManager.CreateTestExtension: Attempting to load test extension: Microsoft.VisualStudio.TestPlatform.CrossPlatEngine.Hosting.DotnetTestHostManager
TpTrace Verbose: 0 : 96004, 1, 2024/10/28, 10:40:24.369, 14468229698798, vstest.console.dll, TestHostManagerCallbacks.ctor: Forwarding output is enabled.
TpTrace Information: 0 : 96004, 1, 2024/10/28, 10:40:24.370, 14468229701532, vstest.console.dll, InferRunSettingsHelper.IsTestSettingsEnabled: Unable to navigate to RunSettings/MSTest. Current node: RunSettings
TpTrace Verbose: 0 : 96004, 1, 2024/10/28, 10:40:24.370, 14468229705534, vstest.console.dll, ParallelOperationManager.ClearSlots: Clearing all slots. Slots should accept more work: True
TpTrace Verbose: 0 : 96004, 1, 2024/10/28, 10:40:24.370, 14468229711028, vstest.console.dll, ParallelOperationManager.SetOccupiedSlotCount: Setting slot counts AvailableSlotCount = 1, OccupiedSlotCount = 0.
TpTrace Verbose: 0 : 96004, 1, 2024/10/28, 10:40:24.371, 14468229713309, vstest.console.dll, Occupied slots:

TpTrace Verbose: 0 : 96004, 1, 2024/10/28, 10:40:24.374, 14468229746314, vstest.console.dll, TestEngine.GetExecutionManager: Chosen execution manager 'Microsoft.VisualStudio.TestPlatform.CrossPlatEngine.Client.Parallel.ParallelProxyExecutionManager, Microsoft.TestPlatform.CrossPlatEngine, Version=15.0.0.0, Culture=neutral, PublicKeyToken=b03f5f7f11d50a3a' ParallelLevel '1'.
TpTrace Verbose: 0 : 96004, 1, 2024/10/28, 10:40:24.374, 14468229748569, vstest.console.dll, TestPlatform.GetSkipDefaultAdapters: Not skipping default adapters SkipDefaultAdapters was false.
TpTrace Verbose: 0 : 96004, 1, 2024/10/28, 10:40:24.374, 14468229749467, vstest.console.dll, TestRunRequest.ExecuteAsync: Creating test run request.
TpTrace Verbose: 0 : 96004, 1, 2024/10/28, 10:40:24.375, 14468229751326, vstest.console.dll, TestRunRequest.ExecuteAsync: Starting.
TpTrace Information: 0 : 96004, 1, 2024/10/28, 10:40:24.375, 14468229759562, vstest.console.dll, TestRunRequest.ExecuteAsync: Starting run with settings:TestRunCriteria:
   KeepAlive=False,FrequencyOfRunStatsChangeEvent=10,RunStatsChangeEventTimeout=00:00:01.5000000,TestCaseFilter=,TestExecutorLauncher=
   Settingsxml=<RunSettings>
  <RunConfiguration>
    <ResultsDirectory>D:\Corp\GenSpark\Celsior\Participants\Day29\EFCoreSolution\EFCoreTest\bin\Debug\net6.0\fine-code-coverage\coverage-tool-output</ResultsDirectory>
    <TargetPlatform>X64</TargetPlatform>
    <TargetFrameworkVersion>.NETCoreApp,Version=v6.0</TargetFrameworkVersion>
    <DesignMode>False</DesignMode>
    <CollectSourceInformation>False</CollectSourceInformation>
  </RunConfiguration>
  <LoggerRunSettings>
    <Loggers>
      <Logger friendlyName="blame" enabled="True" />
      <Logger friendlyName="Console" uri="logger://microsoft/TestPlatform/ConsoleLogger/v1" assemblyQualifiedName="Microsoft.VisualStudio.TestPlatform.CommandLine.Internal.ConsoleLogger, vstest.console, Version=15.0.0.0, Culture=neutral, PublicKeyToken=b03f5f7f11d50a3a" codeBase="C:\Program Files\dotnet\sdk\8.0.400\vstest.console.dll" enabled="True" />
    </Loggers>
  </LoggerRunSettings>
  <DataCollectionRunSettings>
    <DataCollectors>
      <DataCollector friendlyName="blame" enabled="True">
        <Configuration>
          <ResultsDirectory>D:\Corp\GenSpark\Celsior\Participants\Day29\EFCoreSolution\EFCoreTest\bin\Debug\net6.0\fine-code-coverage\coverage-tool-output</ResultsDirectory>
        </Configuration>
      </DataCollector>
    </DataCollectors>
  </DataCollectionRunSettings>
</RunSettings>

TpTrace Verbose: 0 : 96004, 1, 2024/10/28, 10:40:24.375, 14468229760190, vstest.console.dll, TestRunRequest.ExecuteAsync: Wait for the first run request is over.
TpTrace Verbose: 0 : 96004, 1, 2024/10/28, 10:40:24.376, 14468229762344, vstest.console.dll, MulticastDelegateUtilities.SafeInvoke: TestRun.TestRunStart: Invoking callbacks was skipped because there are no subscribers.
TpTrace Verbose: 0 : 96004, 4, 2024/10/28, 10:40:24.376, 14468229764348, vstest.console.dll, MulticastDelegateUtilities.SafeInvoke: InternalTestLoggerEvents.SendTestRunStart: Invoking callback 1/1 for Microsoft.VisualStudio.TestPlatform.CommandLine.Internal.ConsoleLogger., took 0 ms.
TpTrace Verbose: 0 : 96004, 1, 2024/10/28, 10:40:24.377, 14468229773466, vstest.console.dll, ParallelProxyExecutionManager: Start execution. Total sources: 1
TpTrace Verbose: 0 : 96004, 1, 2024/10/28, 10:40:24.377, 14468229776714, vstest.console.dll, ParallelOperationManager.StartWork: Starting adding 1 workloads.
TpTrace Verbose: 0 : 96004, 1, 2024/10/28, 10:40:24.377, 14468229777150, vstest.console.dll, ParallelOperationManager.ClearSlots: Clearing all slots. Slots should accept more work: True
TpTrace Verbose: 0 : 96004, 1, 2024/10/28, 10:40:24.377, 14468229777553, vstest.console.dll, ParallelOperationManager.SetOccupiedSlotCount: Setting slot counts AvailableSlotCount = 1, OccupiedSlotCount = 0.
TpTrace Verbose: 0 : 96004, 1, 2024/10/28, 10:40:24.377, 14468229777800, vstest.console.dll, Occupied slots:

TpTrace Verbose: 0 : 96004, 1, 2024/10/28, 10:40:24.378, 14468229787009, vstest.console.dll, TestHostManagerCallbacks.ctor: Forwarding output is enabled.
TpTrace Verbose: 0 : 96004, 1, 2024/10/28, 10:40:24.378, 14468229788567, vstest.console.dll, TestRequestSender is acting as server.
TpTrace Verbose: 0 : 96004, 1, 2024/10/28, 10:40:24.379, 14468229797055, vstest.console.dll, ParallelOperationManager.RunWorkInParallel: Adding 1 workload to slot, remaining workloads 0.
TpTrace Verbose: 0 : 96004, 1, 2024/10/28, 10:40:24.379, 14468229797418, vstest.console.dll, ParallelOperationManager.SetOccupiedSlotCount: Setting slot counts AvailableSlotCount = 0, OccupiedSlotCount = 1.
TpTrace Verbose: 0 : 96004, 1, 2024/10/28, 10:40:24.379, 14468229798133, vstest.console.dll, Occupied slots:
0: D:\Corp\GenSpark\Celsior\Participants\Day29\EFCoreSolution\EFCoreTest\bin\Debug\net6.0\fine-code-coverage\build-output\EFCoreTest.dll
TpTrace Verbose: 0 : 96004, 1, 2024/10/28, 10:40:24.380, 14468229807184, vstest.console.dll, ParallelOperationManager.RunWorkInParallel: Started host in slot number 0 for work (source): D:\Corp\GenSpark\Celsior\Participants\Day29\EFCoreSolution\EFCoreTest\bin\Debug\net6.0\fine-code-coverage\build-output\EFCoreTest.dll.
TpTrace Verbose: 0 : 96004, 1, 2024/10/28, 10:40:24.381, 14468229816917, vstest.console.dll, ParallelOperationManager.RunWorkInParallel: We started 1 work items, which is the max parallel level. Won't start more work.
TpTrace Verbose: 0 : 96004, 1, 2024/10/28, 10:40:24.381, 14468229817444, vstest.console.dll, ParallelOperationManager.RunWorkInParallel: We started 1 work items in here, returning True.
TpTrace Information: 0 : 96004, 1, 2024/10/28, 10:40:24.381, 14468229817778, vstest.console.dll, TestRunRequest.ExecuteAsync: Started.
TpTrace Verbose: 0 : 96004, 5, 2024/10/28, 10:40:24.381, 14468229819113, vstest.console.dll, ParallelProxyExecutionManager.StartTestRunOnConcurrentManager: Initializing uninitialized client. Started clients: 0
TpTrace Verbose: 0 : 96004, 5, 2024/10/28, 10:40:24.381, 14468229820630, vstest.console.dll, DataCollectionRequestSender.InitializeCommunication : Initialize communication. 
TpTrace Verbose: 0 : 96004, 1, 2024/10/28, 10:40:24.382, 14468229822521, vstest.console.dll, TestRunRequest.WaitForCompletion: Waiting with timeout -1.
TpTrace Information: 0 : 96004, 5, 2024/10/28, 10:40:24.388, 14468229881493, vstest.console.dll, Listening on Endpoint : 127.0.0.1:64945
TpTrace Verbose: 0 : 96004, 5, 2024/10/28, 10:40:24.392, 14468229928034, vstest.console.dll, DotnetDataCollectionLauncher: Adding  --runtimeconfig "C:\Program Files\dotnet\sdk\8.0.400\datacollector.runtimeconfig.json" in args
TpTrace Verbose: 0 : 96004, 5, 2024/10/28, 10:40:24.392, 14468229929967, vstest.console.dll, DotnetDataCollectionLauncher: Adding  --depsfile "C:\Program Files\dotnet\sdk\8.0.400\datacollector.deps.json" in args
TpTrace Verbose: 0 : 96004, 5, 2024/10/28, 10:40:24.393, 14468229931119, vstest.console.dll, DotnetDataCollectionLauncher: Full path of dotnet.exe is C:\Program Files\dotnet\dotnet.exe
TpTrace Information: 0 : 96004, 5, 2024/10/28, 10:40:24.423, 14468230240669, vstest.console.dll, ProxyDataCollectionManager.Initialize: Launched datacollector processId: 75540 port: 64945
TpTrace Information: 0 : 96004, 5, 2024/10/28, 10:40:24.424, 14468230242451, vstest.console.dll, ProxyDataCollectionManager.Initialize: waiting for connection with timeout: 90 seconds
TpTrace Verbose: 0 : 96004, 5, 2024/10/28, 10:40:24.424, 14468230242945, vstest.console.dll, DataCollectionRequestSender.WaitForRequestHandlerConnection : Waiting for connection with timeout: 90000
TpTrace Information: 0 : 96004, 7, 2024/10/28, 10:40:24.546, 14468231468616, vstest.console.dll, Using the buffer size of 16384 bytes
TpTrace Information: 0 : 96004, 7, 2024/10/28, 10:40:24.546, 14468231469804, vstest.console.dll, Accepted Client request and set the flag
TpTrace Verbose: 0 : 96004, 5, 2024/10/28, 10:40:24.546, 14468231469216, vstest.console.dll, SocketCommunicationManager.WaitForClientConnection took: 122 ms, with 90000 ms timeout, and finished with True.
TpTrace Verbose: 0 : 96004, 5, 2024/10/28, 10:40:24.547, 14468231471420, vstest.console.dll, ProxyDataCollectionManager.InvokeDataCollectionServiceAction: Starting.
TpTrace Information: 0 : 96004, 5, 2024/10/28, 10:40:24.547, 14468231471934, vstest.console.dll, ProxyDataCollectionManager.BeforeTestRunStart: Get environment variable and port for datacollector processId: 75540 port: 64945
TpTrace Verbose: 0 : 96004, 5, 2024/10/28, 10:40:24.547, 14468231472621, vstest.console.dll, DataCollectionRequestSender.SendBeforeTestRunStartAndGetResult: Send BeforeTestRunStart message with settingsXml <RunSettings><RunConfiguration><ResultsDirectory>D:\Corp\GenSpark\Celsior\Participants\Day29\EFCoreSolution\EFCoreTest\bin\Debug\net6.0\fine-code-coverage\coverage-tool-output</ResultsDirectory><TargetPlatform>X64</TargetPlatform><TargetFrameworkVersion>.NETCoreApp,Version=v6.0</TargetFrameworkVersion><DesignMode>False</DesignMode><CollectSourceInformation>False</CollectSourceInformation><TestAdaptersPaths>C:\Program Files\dotnet\sdk\8.0.400\Extensions</TestAdaptersPaths></RunConfiguration><LoggerRunSettings><Loggers><Logger friendlyName="blame" enabled="True" /><Logger friendlyName="Console" uri="logger://microsoft/TestPlatform/ConsoleLogger/v1" assemblyQualifiedName="Microsoft.VisualStudio.TestPlatform.CommandLine.Internal.ConsoleLogger, vstest.console, Version=15.0.0.0, Culture=neutral, PublicKeyToken=b03f5f7f11d50a3a" codeBase="C:\Program Files\dotnet\sdk\8.0.400\vstest.console.dll" enabled="True" /></Loggers></LoggerRunSettings><DataCollectionRunSettings><DataCollectors><DataCollector friendlyName="blame" enabled="True"><Configuration><ResultsDirectory>D:\Corp\GenSpark\Celsior\Participants\Day29\EFCoreSolution\EFCoreTest\bin\Debug\net6.0\fine-code-coverage\coverage-tool-output</ResultsDirectory></Configuration></DataCollector></DataCollectors></DataCollectionRunSettings></RunSettings> and sources System.Collections.Generic.List`1[System.String]: 
TpTrace Verbose: 0 : 96004, 5, 2024/10/28, 10:40:24.596, 14468231961529, vstest.console.dll, DataCollectionRequestSender.SendBeforeTestRunStartAndGetResult: Received message: (DataCollection.SendMessage) -> {"MessageType":"DataCollection.SendMessage","Payload":{"FriendlyName":null,"Uri":null,"TestCaseId":"00000000-0000-0000-0000-000000000000","Message":"Logging DataCollector Diagnostics in file: D:\\Corp\\GenSpark\\Celsior\\Participants\\Day29\\EFCoreSolution\\EFCoreTest\\bin\\Debug\\net6.0\\fine-code-coverage\\coverage-tool-output\\diagnostics.datacollector.24-10-28_10-40-24_39245_5.log","Level":0}}
TpTrace Verbose: 0 : 96004, 5, 2024/10/28, 10:40:24.666, 14468232664697, vstest.console.dll, DataCollectionRequestSender.SendBeforeTestRunStartAndGetResult: Received message: (DataCollection.BeforeTestRunStartResult) -> {"MessageType":"DataCollection.BeforeTestRunStartResult","Payload":{"EnvironmentVariables":{},"DataCollectionEventsPort":64947}}
TpTrace Information: 0 : 96004, 5, 2024/10/28, 10:40:24.670, 14468232701226, vstest.console.dll, ProxyDataCollectionManager.BeforeTestRunStart: SendBeforeTestRunStartAndGetResult successful, env variable from datacollector:   and testhost port: 64947
TpTrace Information: 0 : 96004, 5, 2024/10/28, 10:40:24.670, 14468232702219, vstest.console.dll, ProxyDataCollectionManager.InvokeDataCollectionServiceAction: Completed.
TpTrace Verbose: 0 : 96004, 5, 2024/10/28, 10:40:24.670, 14468232702423, vstest.console.dll, ParallelProxyExecutionManager.StartTestRunOnConcurrentManager: Initializing test run. Started clients: 0
TpTrace Verbose: 0 : 96004, 5, 2024/10/28, 10:40:24.670, 14468232703084, vstest.console.dll, ProxyExecutionManager: Test host is always Lazy initialize.
TpTrace Verbose: 0 : 96004, 5, 2024/10/28, 10:40:24.670, 14468232705983, vstest.console.dll, TestRequestSender.InitializeCommunication: initialize communication. 
TpTrace Information: 0 : 96004, 5, 2024/10/28, 10:40:24.670, 14468232709842, vstest.console.dll, SocketServer.Start: Listening on endpoint : 127.0.0.1:64948
TpTrace Verbose: 0 : 96004, 5, 2024/10/28, 10:40:24.671, 14468232715775, vstest.console.dll, DotnetTestHostmanager.GetTestHostProcessStartInfo: Platform environment 'X64' target architecture 'X64' framework '.NETCoreApp,Version=v6.0' OS 'Windows'
TpTrace Verbose: 0 : 96004, 5, 2024/10/28, 10:40:24.671, 14468232717006, vstest.console.dll, DotnetTestHostmanager: Adding  --runtimeconfig "D:\Corp\GenSpark\Celsior\Participants\Day29\EFCoreSolution\EFCoreTest\bin\Debug\net6.0\fine-code-coverage\build-output\EFCoreTest.runtimeconfig.json" in args
TpTrace Verbose: 0 : 96004, 5, 2024/10/28, 10:40:24.671, 14468232717449, vstest.console.dll, DotnetTestHostmanager: Adding  --depsfile "D:\Corp\GenSpark\Celsior\Participants\Day29\EFCoreSolution\EFCoreTest\bin\Debug\net6.0\fine-code-coverage\build-output\EFCoreTest.deps.json" in args
TpTrace Verbose: 0 : 96004, 5, 2024/10/28, 10:40:24.671, 14468232719651, vstest.console.dll, DotnetTestHostmanager.IsWinOnArm: Current PROCESSOR_ARCHITECTURE from environment variable 'AMD64'
TpTrace Verbose: 0 : 96004, 5, 2024/10/28, 10:40:24.671, 14468232720094, vstest.console.dll, DotnetTestHostmanager.IsWinOnArm: Is Windows on ARM 'False'
TpTrace Verbose: 0 : 96004, 5, 2024/10/28, 10:40:24.671, 14468232720437, vstest.console.dll, DotnetTestHostManager: testhost.exe found at path: D:\Corp\GenSpark\Celsior\Participants\Day29\EFCoreSolution\EFCoreTest\bin\Debug\net6.0\fine-code-coverage\build-output\testhost.exe
TpTrace Verbose: 0 : 96004, 5, 2024/10/28, 10:40:24.671, 14468232720690, vstest.console.dll, DotnetTestHostmanager: Full path of host exe is D:\Corp\GenSpark\Celsior\Participants\Day29\EFCoreSolution\EFCoreTest\bin\Debug\net6.0\fine-code-coverage\build-output\testhost.exe
TpTrace Verbose: 0 : 96004, 5, 2024/10/28, 10:40:24.672, 14468232721708, vstest.console.dll, DotnetTestHostmanager.LaunchTestHostAsync: Found 'VSTEST_WINAPPHOST_DOTNET_ROOT' in env variables, value 'C:\Program Files\dotnet', forwarding to 'DOTNET_ROOT'
TpTrace Verbose: 0 : 96004, 5, 2024/10/28, 10:40:24.672, 14468232722788, vstest.console.dll, DotnetTestHostManager: Starting process 'D:\Corp\GenSpark\Celsior\Participants\Day29\EFCoreSolution\EFCoreTest\bin\Debug\net6.0\fine-code-coverage\build-output\testhost.exe' with command line ' --runtimeconfig "D:\Corp\GenSpark\Celsior\Participants\Day29\EFCoreSolution\EFCoreTest\bin\Debug\net6.0\fine-code-coverage\build-output\EFCoreTest.runtimeconfig.json" --depsfile "D:\Corp\GenSpark\Celsior\Participants\Day29\EFCoreSolution\EFCoreTest\bin\Debug\net6.0\fine-code-coverage\build-output\EFCoreTest.deps.json" --port 64948 --endpoint 127.0.0.1:064948 --role client --parentprocessid 96004 --diag "D:\Corp\GenSpark\Celsior\Participants\Day29\EFCoreSolution\EFCoreTest\bin\Debug\net6.0\fine-code-coverage\coverage-tool-output\diagnostics.host.24-10-28_10-40-24_67117_5.log" --tracelevel 4 --datacollectionport 64947 --telemetryoptedin false'
TpTrace Verbose: 0 : 96004, 5, 2024/10/28, 10:40:24.717, 14468233175571, vstest.console.dll, MulticastDelegateUtilities.SafeInvoke: HostProviderEvents.OnHostLaunched: Invoking callback 1/2 for Microsoft.VisualStudio.TestPlatform.CrossPlatEngine.Client.ProxyExecutionManagerWithDataCollection., took 1 ms.
TpTrace Verbose: 0 : 96004, 5, 2024/10/28, 10:40:24.717, 14468233178646, vstest.console.dll, Test Runtime launched
TpTrace Verbose: 0 : 96004, 5, 2024/10/28, 10:40:24.717, 14468233179250, vstest.console.dll, MulticastDelegateUtilities.SafeInvoke: HostProviderEvents.OnHostLaunched: Invoking callback 2/2 for Microsoft.VisualStudio.TestPlatform.CrossPlatEngine.Client.ProxyOperationManager., took 0 ms.
TpTrace Verbose: 0 : 96004, 5, 2024/10/28, 10:40:24.717, 14468233180635, vstest.console.dll, TestRequestSender.WaitForRequestHandlerConnection: waiting for connection with timeout: 90000.
TpTrace Verbose: 0 : 96004, 13, 2024/10/28, 10:40:24.885, 14468234852897, vstest.console.dll, MulticastDelegateUtilities.SafeInvoke: SocketServer: ClientConnected: Invoking callback 1/1 for Microsoft.VisualStudio.TestPlatform.CommunicationUtilities.TestRequestSender., took 0 ms.
TpTrace Verbose: 0 : 96004, 13, 2024/10/28, 10:40:24.885, 14468234854565, vstest.console.dll, SocketServer.OnClientConnected: Client connected for endPoint: 127.0.0.1:64948, starting MessageLoopAsync:
TpTrace Verbose: 0 : 96004, 5, 2024/10/28, 10:40:24.885, 14468234852897, vstest.console.dll, TestRequestSender.WaitForRequestHandlerConnection: waiting took 167 ms, with timeout 90000 ms, and result 0, which is success.
TpTrace Verbose: 0 : 96004, 13, 2024/10/28, 10:40:24.885, 14468234859966, vstest.console.dll, TcpClientExtensions.MessageLoopAsync: Polling on remoteEndPoint: 127.0.0.1:64949 localEndPoint: 127.0.0.1:64948 after 0 ms
TpTrace Verbose: 0 : 96004, 5, 2024/10/28, 10:40:24.886, 14468234863550, vstest.console.dll, TestRequestSender.CheckVersionWithTestHost: Sending check version message: {"MessageType":"ProtocolVersion","Payload":7}
TpTrace Verbose: 0 : 96004, 13, 2024/10/28, 10:40:24.992, 14468235930105, vstest.console.dll, TcpClientExtensions.MessageLoopAsync: NotifyDataAvailable remoteEndPoint: 127.0.0.1:64949 localEndPoint: 127.0.0.1:64948
TpTrace Verbose: 0 : 96004, 13, 2024/10/28, 10:40:24.993, 14468235933306, vstest.console.dll, TestRequestSender.CheckVersionWithTestHost: onMessageReceived received message: (ProtocolVersion) -> {"MessageType":"ProtocolVersion","Payload":7}
TpTrace Verbose: 0 : 96004, 13, 2024/10/28, 10:40:24.993, 14468235939023, vstest.console.dll, MulticastDelegateUtilities.SafeInvoke: LengthPrefixCommunicationChannel: MessageReceived: Invoking callback 1/1 for Microsoft.VisualStudio.TestPlatform.CommunicationUtilities.TestRequestSender+<>c__DisplayClass29_0., took 0 ms.
TpTrace Verbose: 0 : 96004, 13, 2024/10/28, 10:40:24.993, 14468235939911, vstest.console.dll, TcpClientExtensions.MessageLoopAsync: Polling on remoteEndPoint: 127.0.0.1:64949 localEndPoint: 127.0.0.1:64948 after 107 ms
TpTrace Verbose: 0 : 96004, 5, 2024/10/28, 10:40:24.993, 14468235940923, vstest.console.dll, TestPluginCache.GetExtensionPaths: Filtered extension paths: 
TpTrace Verbose: 0 : 96004, 5, 2024/10/28, 10:40:24.994, 14468235941479, vstest.console.dll, TestPluginCache.GetExtensionPaths: Added default extension paths: C:\Program Files\dotnet\sdk\8.0.400\Extensions\Microsoft.Diagnostics.NETCore.Client.dll
C:\Program Files\dotnet\sdk\8.0.400\Extensions\Microsoft.TestPlatform.Extensions.BlameDataCollector.dll
C:\Program Files\dotnet\sdk\8.0.400\Extensions\Microsoft.TestPlatform.Extensions.EventLogCollector.dll
C:\Program Files\dotnet\sdk\8.0.400\Extensions\Microsoft.TestPlatform.TestHostRuntimeProvider.dll
C:\Program Files\dotnet\sdk\8.0.400\Extensions\Microsoft.VisualStudio.TestPlatform.Extensions.Html.TestLogger.dll
C:\Program Files\dotnet\sdk\8.0.400\Extensions\Microsoft.VisualStudio.TestPlatform.Extensions.Trx.TestLogger.dll
TpTrace Verbose: 0 : 96004, 5, 2024/10/28, 10:40:24.994, 14468235941736, vstest.console.dll, TestPluginCache.GetExtensionPaths: Added unfilterableExtensionPaths: 
TpTrace Verbose: 0 : 96004, 5, 2024/10/28, 10:40:24.996, 14468235970947, vstest.console.dll, TestRequestSender.InitializeExecution: Sending initialize execution with message: {"Version":7,"MessageType":"TestExecution.Initialize","Payload":["D:\\Corp\\GenSpark\\Celsior\\Participants\\Day29\\EFCoreSolution\\EFCoreTest\\bin\\Debug\\net6.0\\fine-code-coverage\\build-output\\NUnit3.TestAdapter.dll"]}
TpTrace Verbose: 0 : 96004, 5, 2024/10/28, 10:40:24.997, 14468235973449, vstest.console.dll, ParallelProxyExecutionManager.StartTestRunOnConcurrentManager: Execution starting. Started clients: 1
TpTrace Verbose: 0 : 96004, 5, 2024/10/28, 10:40:24.997, 14468235975988, vstest.console.dll, TestRunRequest:SendTestRunMessage: Starting.
TpTrace Verbose: 0 : 96004, 5, 2024/10/28, 10:40:24.997, 14468235977592, vstest.console.dll, MulticastDelegateUtilities.SafeInvoke: TestRun.LogMessages: Invoking callback 1/1 for Microsoft.VisualStudio.TestPlatform.CommandLine.TestRunResultAggregator., took 0 ms.
TpTrace Information: 0 : 96004, 5, 2024/10/28, 10:40:24.997, 14468235977885, vstest.console.dll, TestRunRequest:SendTestRunMessage: Completed.
TpTrace Verbose: 0 : 96004, 4, 2024/10/28, 10:40:24.997, 14468235980426, vstest.console.dll, MulticastDelegateUtilities.SafeInvoke: InternalTestLoggerEvents.SendTestRunMessage: Invoking callback 1/1 for Microsoft.VisualStudio.TestPlatform.CommandLine.Internal.ConsoleLogger., took 0 ms.
TpTrace Warning: 0 : 96004, 5, 2024/10/28, 10:40:24.998, 14468235981271, vstest.console.dll, InferRunSettingsHelper.MakeRunsettingsCompatible: Removing the following settings: TargetPlatform from RunSettings file. To use those settings please move to latest version of Microsoft.NET.Test.Sdk
TpTrace Verbose: 0 : 96004, 13, 2024/10/28, 10:40:24.998, 14468235987716, vstest.console.dll, TcpClientExtensions.MessageLoopAsync: NotifyDataAvailable remoteEndPoint: 127.0.0.1:64949 localEndPoint: 127.0.0.1:64948
TpTrace Verbose: 0 : 96004, 13, 2024/10/28, 10:40:24.999, 14468235991215, vstest.console.dll, TestRequestSender.OnExecutionMessageReceived: Received message: {"Version":7,"MessageType":"TestSession.Message","Payload":{"MessageLevel":0,"Message":"Logging TestHost Diagnostics in file: D:\\Corp\\GenSpark\\Celsior\\Participants\\Day29\\EFCoreSolution\\EFCoreTest\\bin\\Debug\\net6.0\\fine-code-coverage\\coverage-tool-output\\diagnostics.host.24-10-28_10-40-24_67117_5.log"}}
TpTrace Verbose: 0 : 96004, 13, 2024/10/28, 10:40:25.001, 14468236011859, vstest.console.dll, TestRunRequest:SendTestRunMessage: Starting.
TpTrace Verbose: 0 : 96004, 13, 2024/10/28, 10:40:25.001, 14468236013320, vstest.console.dll, MulticastDelegateUtilities.SafeInvoke: TestRun.LogMessages: Invoking callback 1/1 for Microsoft.VisualStudio.TestPlatform.CommandLine.TestRunResultAggregator., took 0 ms.
TpTrace Information: 0 : 96004, 13, 2024/10/28, 10:40:25.001, 14468236013569, vstest.console.dll, TestRunRequest:SendTestRunMessage: Completed.
TpTrace Verbose: 0 : 96004, 13, 2024/10/28, 10:40:25.001, 14468236013802, vstest.console.dll, MulticastDelegateUtilities.SafeInvoke: LengthPrefixCommunicationChannel: MessageReceived: Invoking callback 1/1 for Microsoft.VisualStudio.TestPlatform.CommunicationUtilities.TestRequestSender+<>c__DisplayClass34_0., took 2 ms.
TpTrace Verbose: 0 : 96004, 13, 2024/10/28, 10:40:25.001, 14468236014051, vstest.console.dll, TcpClientExtensions.MessageLoopAsync: Polling on remoteEndPoint: 127.0.0.1:64949 localEndPoint: 127.0.0.1:64948 after 7 ms
TpTrace Verbose: 0 : 96004, 4, 2024/10/28, 10:40:25.004, 14468236044224, vstest.console.dll, MulticastDelegateUtilities.SafeInvoke: InternalTestLoggerEvents.SendTestRunMessage: Invoking callback 1/1 for Microsoft.VisualStudio.TestPlatform.CommandLine.Internal.ConsoleLogger., took 0 ms.
TpTrace Verbose: 0 : 96004, 5, 2024/10/28, 10:40:25.006, 14468236065781, vstest.console.dll, TestRequestSender.StartTestRun: Sending test run with message: {"Version":7,"MessageType":"TestExecution.StartWithSources","Payload":{"AdapterSourceMap":{"_none_":["D:\\Corp\\GenSpark\\Celsior\\Participants\\Day29\\EFCoreSolution\\EFCoreTest\\bin\\Debug\\net6.0\\fine-code-coverage\\build-output\\EFCoreTest.dll"]},"RunSettings":"<RunSettings>\r\n  <RunConfiguration>\r\n    <ResultsDirectory>D:\\Corp\\GenSpark\\Celsior\\Participants\\Day29\\EFCoreSolution\\EFCoreTest\\bin\\Debug\\net6.0\\fine-code-coverage\\coverage-tool-output</ResultsDirectory>\r\n    <TargetFrameworkVersion>.NETCoreApp,Version=v6.0</TargetFrameworkVersion>\r\n    <DesignMode>False</DesignMode>\r\n    <CollectSourceInformation>False</CollectSourceInformation>\r\n  </RunConfiguration>\r\n  <LoggerRunSettings>\r\n    <Loggers>\r\n      <Logger friendlyName=\"blame\" enabled=\"True\" />\r\n      <Logger friendlyName=\"Console\" uri=\"logger://microsoft/TestPlatform/ConsoleLogger/v1\" assemblyQualifiedName=\"Microsoft.VisualStudio.TestPlatform.CommandLine.Internal.ConsoleLogger, vstest.console, Version=15.0.0.0, Culture=neutral, PublicKeyToken=b03f5f7f11d50a3a\" codeBase=\"C:\\Program Files\\dotnet\\sdk\\8.0.400\\vstest.console.dll\" enabled=\"True\" />\r\n    </Loggers>\r\n  </LoggerRunSettings>\r\n  <DataCollectionRunSettings>\r\n    <DataCollectors>\r\n      <DataCollector friendlyName=\"blame\" enabled=\"True\">\r\n        <Configuration>\r\n          <ResultsDirectory>D:\\Corp\\GenSpark\\Celsior\\Participants\\Day29\\EFCoreSolution\\EFCoreTest\\bin\\Debug\\net6.0\\fine-code-coverage\\coverage-tool-output</ResultsDirectory>\r\n        </Configuration>\r\n      </DataCollector>\r\n    </DataCollectors>\r\n  </DataCollectionRunSettings>\r\n</RunSettings>","TestExecutionContext":{"FrequencyOfRunStatsChangeEvent":10,"RunStatsChangeEventTimeout":"00:00:01.5000000","InIsolation":false,"KeepAlive":false,"AreTestCaseLevelEventsRequired":false,"IsDebug":false,"TestCaseFilter":null,"FilterOptions":null},"Package":null}}
TpTrace Verbose: 0 : 96004, 5, 2024/10/28, 10:40:25.006, 14468236067619, vstest.console.dll, ParallelProxyExecutionManager.StartTestRunOnConcurrentManager: Execution started. Started clients: 1
TpTrace Verbose: 0 : 96004, 13, 2024/10/28, 10:40:25.145, 14468237454183, vstest.console.dll, TcpClientExtensions.MessageLoopAsync: NotifyDataAvailable remoteEndPoint: 127.0.0.1:64949 localEndPoint: 127.0.0.1:64948
TpTrace Verbose: 0 : 96004, 13, 2024/10/28, 10:40:25.145, 14468237456366, vstest.console.dll, TestRequestSender.OnExecutionMessageReceived: Received message: {"Version":7,"MessageType":"TestSession.Message","Payload":{"MessageLevel":0,"Message":"NUnit Adapter 4.4.0.0: Test execution started"}}
TpTrace Verbose: 0 : 96004, 13, 2024/10/28, 10:40:25.145, 14468237460422, vstest.console.dll, TestRunRequest:SendTestRunMessage: Starting.
TpTrace Verbose: 0 : 96004, 13, 2024/10/28, 10:40:25.146, 14468237461520, vstest.console.dll, MulticastDelegateUtilities.SafeInvoke: TestRun.LogMessages: Invoking callback 1/1 for Microsoft.VisualStudio.TestPlatform.CommandLine.TestRunResultAggregator., took 0 ms.
TpTrace Verbose: 0 : 96004, 4, 2024/10/28, 10:40:25.146, 14468237461778, vstest.console.dll, MulticastDelegateUtilities.SafeInvoke: InternalTestLoggerEvents.SendTestRunMessage: Invoking callback 1/1 for Microsoft.VisualStudio.TestPlatform.CommandLine.Internal.ConsoleLogger., took 0 ms.
TpTrace Information: 0 : 96004, 13, 2024/10/28, 10:40:25.146, 14468237461939, vstest.console.dll, TestRunRequest:SendTestRunMessage: Completed.
TpTrace Verbose: 0 : 96004, 13, 2024/10/28, 10:40:25.146, 14468237463230, vstest.console.dll, MulticastDelegateUtilities.SafeInvoke: LengthPrefixCommunicationChannel: MessageReceived: Invoking callback 1/1 for Microsoft.VisualStudio.TestPlatform.CommunicationUtilities.TestRequestSender+<>c__DisplayClass34_0., took 0 ms.
TpTrace Verbose: 0 : 96004, 13, 2024/10/28, 10:40:25.146, 14468237463547, vstest.console.dll, TcpClientExtensions.MessageLoopAsync: Polling on remoteEndPoint: 127.0.0.1:64949 localEndPoint: 127.0.0.1:64948 after 141 ms
TpTrace Verbose: 0 : 96004, 13, 2024/10/28, 10:40:25.170, 14468237706916, vstest.console.dll, TcpClientExtensions.MessageLoopAsync: NotifyDataAvailable remoteEndPoint: 127.0.0.1:64949 localEndPoint: 127.0.0.1:64948
TpTrace Verbose: 0 : 96004, 13, 2024/10/28, 10:40:25.170, 14468237709185, vstest.console.dll, TestRequestSender.OnExecutionMessageReceived: Received message: {"Version":7,"MessageType":"TestSession.Message","Payload":{"MessageLevel":0,"Message":"Running all tests in D:\\Corp\\GenSpark\\Celsior\\Participants\\Day29\\EFCoreSolution\\EFCoreTest\\bin\\Debug\\net6.0\\fine-code-coverage\\build-output\\EFCoreTest.dll"}}
TpTrace Verbose: 0 : 96004, 13, 2024/10/28, 10:40:25.170, 14468237710692, vstest.console.dll, TestRunRequest:SendTestRunMessage: Starting.
TpTrace Verbose: 0 : 96004, 13, 2024/10/28, 10:40:25.171, 14468237711180, vstest.console.dll, MulticastDelegateUtilities.SafeInvoke: TestRun.LogMessages: Invoking callback 1/1 for Microsoft.VisualStudio.TestPlatform.CommandLine.TestRunResultAggregator., took 0 ms.
TpTrace Information: 0 : 96004, 13, 2024/10/28, 10:40:25.171, 14468237711379, vstest.console.dll, TestRunRequest:SendTestRunMessage: Completed.
TpTrace Verbose: 0 : 96004, 13, 2024/10/28, 10:40:25.171, 14468237711550, vstest.console.dll, MulticastDelegateUtilities.SafeInvoke: LengthPrefixCommunicationChannel: MessageReceived: Invoking callback 1/1 for Microsoft.VisualStudio.TestPlatform.CommunicationUtilities.TestRequestSender+<>c__DisplayClass34_0., took 0 ms.
TpTrace Verbose: 0 : 96004, 13, 2024/10/28, 10:40:25.171, 14468237711737, vstest.console.dll, TcpClientExtensions.MessageLoopAsync: Polling on remoteEndPoint: 127.0.0.1:64949 localEndPoint: 127.0.0.1:64948 after 24 ms
TpTrace Verbose: 0 : 96004, 4, 2024/10/28, 10:40:25.171, 14468237711969, vstest.console.dll, MulticastDelegateUtilities.SafeInvoke: InternalTestLoggerEvents.SendTestRunMessage: Invoking callback 1/1 for Microsoft.VisualStudio.TestPlatform.CommandLine.Internal.ConsoleLogger., took 0 ms.
TpTrace Verbose: 0 : 96004, 13, 2024/10/28, 10:40:26.184, 14468247841918, vstest.console.dll, TcpClientExtensions.MessageLoopAsync: Polling on remoteEndPoint: 127.0.0.1:64949 localEndPoint: 127.0.0.1:64948 after 1012 ms
TpTrace Verbose: 0 : 96004, 13, 2024/10/28, 10:40:26.234, 14468248350177, vstest.console.dll, TcpClientExtensions.MessageLoopAsync: NotifyDataAvailable remoteEndPoint: 127.0.0.1:64949 localEndPoint: 127.0.0.1:64948
TpTrace Verbose: 0 : 96004, 13, 2024/10/28, 10:40:26.235, 14468248351906, vstest.console.dll, TestRequestSender.OnExecutionMessageReceived: Received message: {"Version":7,"MessageType":"TestSession.Message","Payload":{"MessageLevel":0,"Message":"   NUnit3TestExecutor discovered 11 of 11 NUnit test cases using Current Discovery mode, Non-Explicit run"}}
TpTrace Verbose: 0 : 96004, 13, 2024/10/28, 10:40:26.235, 14468248353187, vstest.console.dll, TestRunRequest:SendTestRunMessage: Starting.
TpTrace Verbose: 0 : 96004, 13, 2024/10/28, 10:40:26.235, 14468248353822, vstest.console.dll, MulticastDelegateUtilities.SafeInvoke: TestRun.LogMessages: Invoking callback 1/1 for Microsoft.VisualStudio.TestPlatform.CommandLine.TestRunResultAggregator., took 0 ms.
TpTrace Information: 0 : 96004, 13, 2024/10/28, 10:40:26.235, 14468248354234, vstest.console.dll, TestRunRequest:SendTestRunMessage: Completed.
TpTrace Verbose: 0 : 96004, 13, 2024/10/28, 10:40:26.235, 14468248354414, vstest.console.dll, MulticastDelegateUtilities.SafeInvoke: LengthPrefixCommunicationChannel: MessageReceived: Invoking callback 1/1 for Microsoft.VisualStudio.TestPlatform.CommunicationUtilities.TestRequestSender+<>c__DisplayClass34_0., took 0 ms.
TpTrace Verbose: 0 : 96004, 4, 2024/10/28, 10:40:26.235, 14468248354570, vstest.console.dll, MulticastDelegateUtilities.SafeInvoke: InternalTestLoggerEvents.SendTestRunMessage: Invoking callback 1/1 for Microsoft.VisualStudio.TestPlatform.CommandLine.Internal.ConsoleLogger., took 0 ms.
TpTrace Verbose: 0 : 96004, 13, 2024/10/28, 10:40:26.235, 14468248354631, vstest.console.dll, TcpClientExtensions.MessageLoopAsync: Polling on remoteEndPoint: 127.0.0.1:64949 localEndPoint: 127.0.0.1:64948 after 50 ms
TpTrace Verbose: 0 : 96004, 13, 2024/10/28, 10:40:26.591, 14468251919103, vstest.console.dll, TcpClientExtensions.MessageLoopAsync: NotifyDataAvailable remoteEndPoint: 127.0.0.1:64949 localEndPoint: 127.0.0.1:64948
TpTrace Verbose: 0 : 96004, 13, 2024/10/28, 10:40:26.591, 14468251920721, vstest.console.dll, TestRequestSender.OnExecutionMessageReceived: Received message: {"Version":7,"MessageType":"TestExecution.StatsChange","Payload":{"NewTestResults":[],"TestRunStatistics":{"ExecutedTests":0,"Stats":{}},"ActiveTests":[{"Id":"c77a3663-db45-2d5b-8224-85dbafdd75b4","FullyQualifiedName":"EFCoreTest.ProductControllerTest.AddProductTest","DisplayName":"AddProductTest","ExecutorUri":"executor://NUnit3TestExecutor","Source":"D:\\Corp\\GenSpark\\Celsior\\Participants\\Day29\\EFCoreSolution\\EFCoreTest\\bin\\Debug\\net6.0\\fine-code-coverage\\build-output\\EFCoreTest.dll","CodeFilePath":null,"LineNumber":0,"Properties":[{"Key":{"Id":"NUnit.Seed","Label":"Seed","Category":"","Description":"","Attributes":0,"ValueType":"System.String"},"Value":"456343672"}]}]}}
TpTrace Verbose: 0 : 96004, 13, 2024/10/28, 10:40:26.604, 14468252046996, vstest.console.dll, TestRunRequest:SendTestRunStatsChange: Starting.
TpTrace Verbose: 0 : 96004, 13, 2024/10/28, 10:40:26.604, 14468252048366, vstest.console.dll, InProgress is AddProductTest
TpTrace Verbose: 0 : 96004, 13, 2024/10/28, 10:40:26.604, 14468252049313, vstest.console.dll, MulticastDelegateUtilities.SafeInvoke: TestRun.RunStatsChanged: Invoking callbacks was skipped because there are no subscribers.
TpTrace Information: 0 : 96004, 13, 2024/10/28, 10:40:26.604, 14468252049597, vstest.console.dll, TestRunRequest:SendTestRunStatsChange: Completed.
TpTrace Verbose: 0 : 96004, 13, 2024/10/28, 10:40:26.604, 14468252049996, vstest.console.dll, MulticastDelegateUtilities.SafeInvoke: LengthPrefixCommunicationChannel: MessageReceived: Invoking callback 1/1 for Microsoft.VisualStudio.TestPlatform.CommunicationUtilities.TestRequestSender+<>c__DisplayClass34_0., took 12 ms.
TpTrace Verbose: 0 : 96004, 13, 2024/10/28, 10:40:26.604, 14468252050262, vstest.console.dll, TcpClientExtensions.MessageLoopAsync: Polling on remoteEndPoint: 127.0.0.1:64949 localEndPoint: 127.0.0.1:64948 after 369 ms
TpTrace Verbose: 0 : 96004, 13, 2024/10/28, 10:40:27.168, 14468257690579, vstest.console.dll, TcpClientExtensions.MessageLoopAsync: NotifyDataAvailable remoteEndPoint: 127.0.0.1:64949 localEndPoint: 127.0.0.1:64948
TpTrace Verbose: 0 : 96004, 13, 2024/10/28, 10:40:27.169, 14468257693214, vstest.console.dll, TestRequestSender.OnExecutionMessageReceived: Received message: {"Version":7,"MessageType":"TestExecution.StatsChange","Payload":{"NewTestResults":[{"TestCase":{"Id":"c77a3663-db45-2d5b-8224-85dbafdd75b4","FullyQualifiedName":"EFCoreTest.ProductControllerTest.AddProductTest","DisplayName":"AddProductTest","ExecutorUri":"executor://NUnit3TestExecutor","Source":"D:\\Corp\\GenSpark\\Celsior\\Participants\\Day29\\EFCoreSolution\\EFCoreTest\\bin\\Debug\\net6.0\\fine-code-coverage\\build-output\\EFCoreTest.dll","CodeFilePath":null,"LineNumber":0,"Properties":[{"Key":{"Id":"NUnit.Seed","Label":"Seed","Category":"","Description":"","Attributes":0,"ValueType":"System.String"},"Value":"456343672"}]},"Attachments":[],"Outcome":1,"ErrorMessage":null,"ErrorStackTrace":null,"DisplayName":"AddProductTest","Messages":[],"ComputerName":"G3SLAPTOP","Duration":"00:00:00.6540589","StartTime":"2024-10-28T05:10:26.2555624+00:00","EndTime":"2024-10-28T05:10:26.9095411+00:00","Properties":[{"Key":{"Id":"NUnit.Seed","Label":"Seed","Category":"","Description":"","Attributes":0,"ValueType":"System.String"},"Value":"456343672"}]},{"TestCase":{"Id":"138d9271-cda0-5067-c387-ec90518f28e3","FullyQualifiedName":"EFCoreTest.ProductRepositoryTest.TestAdd(\"TestAdd1\",120,4,\"\",\"Test description for Product\",1)","DisplayName":"TestAdd(\"TestAdd1\",120,4,\"\",\"Test description for Product\",1)","ExecutorUri":"executor://NUnit3TestExecutor","Source":"D:\\Corp\\GenSpark\\Celsior\\Participants\\Day29\\EFCoreSolution\\EFCoreTest\\bin\\Debug\\net6.0\\fine-code-coverage\\build-output\\EFCoreTest.dll","CodeFilePath":null,"LineNumber":0,"Properties":[{"Key":{"Id":"NUnit.Seed","Label":"Seed","Category":"","Description":"","Attributes":0,"ValueType":"System.String"},"Value":"789631377"}]},"Attachments":[],"Outcome":2,"ErrorMessage":"  Expected: 1\r\n  But was:  2\r\n","ErrorStackTrace":"   at EFCoreTest.ProductRepositoryTest.TestAdd(String name, Single price, Int32 quantity, String image, String desc, Int32 id) in D:\\Corp\\GenSpark\\Celsior\\Participants\\Day29\\EFCoreSolution\\EFCoreTest\\ProductRepositoryTest.cs:line 53\r\n   at NUnit.Framework.Internal.TaskAwaitAdapter.GenericAdapter`1.GetResult()\r\n   at NUnit.Framework.Internal.AsyncToSyncAdapter.Await(Func`1 invoke)\r\n   at NUnit.Framework.Internal.Commands.TestMethodCommand.RunTestMethod(TestExecutionContext context)\r\n   at NUnit.Framework.Internal.Commands.TestMethodCommand.Execute(TestExecutionContext context)\r\n   at NUnit.Framework.Internal.Commands.BeforeAndAfterTestCommand.<>c__DisplayClass1_0.<Execute>b__0()\r\n   at NUnit.Framework.Internal.Commands.DelegatingTestCommand.RunTestMethodInThreadAbortSafeZone(TestExecutionContext context, Action action)\r\n\n1)    at EFCoreTest.ProductRepositoryTest.TestAdd(String name, Single price, Int32 quantity, String image, String desc, Int32 id) in D:\\Corp\\GenSpark\\Celsior\\Participants\\Day29\\EFCoreSolution\\EFCoreTest\\ProductRepositoryTest.cs:line 53\r\n   at System.Runtime.CompilerServices.AsyncMethodBuilderCore.Start[TStateMachine](TStateMachine& stateMachine)\r\n   at EFCoreTest.ProductRepositoryTest.TestAdd(String name, Single price, Int32 quantity, String image, String desc, Int32 id)\r\n\n","DisplayName":"TestAdd(\"TestAdd1\",120,4,\"\",\"Test description for Product\",1)","Messages":[],"ComputerName":"G3SLAPTOP","Duration":"00:00:00.0448790","StartTime":"2024-10-28T05:10:26.9137163+00:00","EndTime":"2024-10-28T05:10:26.9585943+00:00","Properties":[{"Key":{"Id":"NUnit.Seed","Label":"Seed","Category":"","Description":"","Attributes":0,"ValueType":"System.String"},"Value":"789631377"}]},{"TestCase":{"Id":"0904dffd-f440-21b8-fc96-60c347527d09","FullyQualifiedName":"EFCoreTest.ProductRepositoryTest.TestAdd(\"TestAdd2\",120,4,\"\",\"Test description for Product\",2)","DisplayName":"TestAdd(\"TestAdd2\",120,4,\"\",\"Test description for Product\",2)","ExecutorUri":"executor://NUnit3TestExecutor","Source":"D:\\Corp\\GenSpark\\Celsior\\Participants\\Day29\\EFCoreSolution\\EFCoreTest\\bin\\Debug\\net6.0\\fine-code-coverage\\build-output\\EFCoreTest.dll","CodeFilePath":null,"LineNumber":0,"Properties":[{"Key":{"Id":"NUnit.Seed","Label":"Seed","Category":"","Description":"","Attributes":0,"ValueType":"System.String"},"Value":"2111918659"}]},"Attachments":[],"Outcome":2,"ErrorMessage":"  Expected: 2\r\n  But was:  3\r\n","ErrorStackTrace":"   at EFCoreTest.ProductRepositoryTest.TestAdd(String name, Single price, Int32 quantity, String image, String desc, Int32 id) in D:\\Corp\\GenSpark\\Celsior\\Participants\\Day29\\EFCoreSolution\\EFCoreTest\\ProductRepositoryTest.cs:line 53\r\n   at NUnit.Framework.Internal.TaskAwaitAdapter.GenericAdapter`1.GetResult()\r\n   at NUnit.Framework.Internal.AsyncToSyncAdapter.Await(Func`1 invoke)\r\n   at NUnit.Framework.Internal.Commands.TestMethodCommand.RunTestMethod(TestExecutionContext context)\r\n   at NUnit.Framework.Internal.Commands.TestMethodCommand.Execute(TestExecutionContext context)\r\n   at NUnit.Framework.Internal.Commands.BeforeAndAfterTestCommand.<>c__DisplayClass1_0.<Execute>b__0()\r\n   at NUnit.Framework.Internal.Commands.DelegatingTestCommand.RunTestMethodInThreadAbortSafeZone(TestExecutionContext context, Action action)\r\n\n1)    at EFCoreTest.ProductRepositoryTest.TestAdd(String name, Single price, Int32 quantity, String image, String desc, Int32 id) in D:\\Corp\\GenSpark\\Celsior\\Participants\\Day29\\EFCoreSolution\\EFCoreTest\\ProductRepositoryTest.cs:line 53\r\n   at System.Runtime.CompilerServices.AsyncMethodBuilderCore.Start[TStateMachine](TStateMachine& stateMachine)\r\n   at EFCoreTest.ProductRepositoryTest.TestAdd(String name, Single price, Int32 quantity, String image, String desc, Int32 id)\r\n\n","DisplayName":"TestAdd(\"TestAdd2\",120,4,\"\",\"Test description for Product\",2)","Messages":[],"ComputerName":"G3SLAPTOP","Duration":"00:00:00.0108500","StartTime":"2024-10-28T05:10:26.958747+00:00","EndTime":"2024-10-28T05:10:26.9695958+00:00","Properties":[{"Key":{"Id":"NUnit.Seed","Label":"Seed","Category":"","Description":"","Attributes":0,"ValueType":"System.String"},"Value":"2111918659"}]},{"TestCase":{"Id":"dd9c38f2-ca87-e675-45d4-576be917811d","FullyQualifiedName":"EFCoreTest.ProductRepositoryTest.TestAddException(\"TestAdd1\",120,4,\"\",\"Test description for Product\",1)","DisplayName":"TestAddException(\"TestAdd1\",120,4,\"\",\"Test description for Product\",1)","ExecutorUri":"executor://NUnit3TestExecutor","Source":"D:\\Corp\\GenSpark\\Celsior\\Participants\\Day29\\EFCoreSolution\\EFCoreTest\\bin\\Debug\\net6.0\\fine-code-coverage\\build-output\\EFCoreTest.dll","CodeFilePath":null,"LineNumber":0,"Properties":[{"Key":{"Id":"NUnit.Seed","Label":"Seed","Category":"","Description":"","Attributes":0,"ValueType":"System.String"},"Value":"1167425984"}]},"Attachments":[],"Outcome":1,"ErrorMessage":null,"ErrorStackTrace":null,"DisplayName":"TestAddException(\"TestAdd1\",120,4,\"\",\"Test description for Product\",1)","Messages":[],"ComputerName":"G3SLAPTOP","Duration":"00:00:00.0052110","StartTime":"2024-10-28T05:10:26.9697721+00:00","EndTime":"2024-10-28T05:10:26.9749829+00:00","Properties":[{"Key":{"Id":"NUnit.Seed","Label":"Seed","Category":"","Description":"","Attributes":0,"ValueType":"System.String"},"Value":"1167425984"}]},{"TestCase":{"Id":"856c2ad4-87e9-ac3d-16fa-22337be9a247","FullyQualifiedName":"EFCoreTest.ProductServiceTest.AddNewProductTest","DisplayName":"AddNewProductTest","ExecutorUri":"executor://NUnit3TestExecutor","Source":"D:\\Corp\\GenSpark\\Celsior\\Participants\\Day29\\EFCoreSolution\\EFCoreTest\\bin\\Debug\\net6.0\\fine-code-coverage\\build-output\\EFCoreTest.dll","CodeFilePath":null,"LineNumber":0,"Properties":[{"Key":{"Id":"NUnit.Seed","Label":"Seed","Category":"","Description":"","Attributes":0,"ValueType":"System.String"},"Value":"504587358"}]},"Attachments":[],"Outcome":1,"ErrorMessage":null,"ErrorStackTrace":null,"DisplayName":"AddNewProductTest","Messages":[],"ComputerName":"G3SLAPTOP","Duration":"00:00:00.0021640","StartTime":"2024-10-28T05:10:26.9751268+00:00","EndTime":"2024-10-28T05:10:26.9772903+00:00","Properties":[{"Key":{"Id":"NUnit.Seed","Label":"Seed","Category":"","Description":"","Attributes":0,"ValueType":"System.String"},"Value":"504587358"}]},{"TestCase":{"Id":"2848c777-dbbf-fc57-90fd-dad595d2ad74","FullyQualifiedName":"EFCoreTest.Tests.AddTest(10,20,30)","DisplayName":"AddTest(10,20,30)","ExecutorUri":"executor://NUnit3TestExecutor","Source":"D:\\Corp\\GenSpark\\Celsior\\Participants\\Day29\\EFCoreSolution\\EFCoreTest\\bin\\Debug\\net6.0\\fine-code-coverage\\build-output\\EFCoreTest.dll","CodeFilePath":null,"LineNumber":0,"Properties":[{"Key":{"Id":"NUnit.Seed","Label":"Seed","Category":"","Description":"","Attributes":0,"ValueType":"System.String"},"Value":"1486982856"}]},"Attachments":[],"Outcome":1,"ErrorMessage":null,"ErrorStackTrace":null,"DisplayName":"AddTest(10,20,30)","Messages":[],"ComputerName":"G3SLAPTOP","Duration":"00:00:00.0004000","StartTime":"2024-10-28T05:10:26.9776491+00:00","EndTime":"2024-10-28T05:10:26.9780489+00:00","Properties":[{"Key":{"Id":"NUnit.Seed","Label":"Seed","Category":"","Description":"","Attributes":0,"ValueType":"System.String"},"Value":"1486982856"}]},{"TestCase":{"Id":"c38df22d-b046-05a1-32ce-95e8e4242ba3","FullyQualifiedName":"EFCoreTest.Tests.AddTest(int.MaxValue,-20,int.MaxValue)","DisplayName":"AddTest(int.MaxValue,-20,int.MaxValue)","ExecutorUri":"executor://NUnit3TestExecutor","Source":"D:\\Corp\\GenSpark\\Celsior\\Participants\\Day29\\EFCoreSolution\\EFCoreTest\\bin\\Debug\\net6.0\\fine-code-coverage\\build-output\\EFCoreTest.dll","CodeFilePath":null,"LineNumber":0,"Properties":[{"Key":{"Id":"NUnit.Seed","Label":"Seed","Category":"","Description":"","Attributes":0,"ValueType":"System.String"},"Value":"109019307"}]},"Attachments":[],"Outcome":2,"ErrorMessage":"  Expected: 2147483647\r\n  But was:  2147483627\r\n","ErrorStackTrace":"   at EFCoreTest.Tests.AddTest(Int32 n1, Int32 n2, Int32 result) in D:\\Corp\\GenSpark\\Celsior\\Participants\\Day29\\EFCoreSolution\\EFCoreTest\\CalculatorTest.cs:line 24\r\n\n1)    at EFCoreTest.Tests.AddTest(Int32 n1, Int32 n2, Int32 result) in D:\\Corp\\GenSpark\\Celsior\\Participants\\Day29\\EFCoreSolution\\EFCoreTest\\CalculatorTest.cs:line 24\r\n\n","DisplayName":"AddTest(int.MaxValue,-20,int.MaxValue)","Messages":[],"ComputerName":"G3SLAPTOP","Duration":"00:00:00.0094180","StartTime":"2024-10-28T05:10:26.9780655+00:00","EndTime":"2024-10-28T05:10:26.987483+00:00","Properties":[{"Key":{"Id":"NUnit.Seed","Label":"Seed","Category":"","Description":"","Attributes":0,"ValueType":"System.String"},"Value":"109019307"}]},{"TestCase":{"Id":"c31a954f-6346-7767-27e2-66190d40090d","FullyQualifiedName":"EFCoreTest.UserRepositoryTest.TesGet","DisplayName":"TesGet","ExecutorUri":"executor://NUnit3TestExecutor","Source":"D:\\Corp\\GenSpark\\Celsior\\Participants\\Day29\\EFCoreSolution\\EFCoreTest\\bin\\Debug\\net6.0\\fine-code-coverage\\build-output\\EFCoreTest.dll","CodeFilePath":null,"LineNumber":0,"Properties":[{"Key":{"Id":"NUnit.Seed","Label":"Seed","Category":"","Description":"","Attributes":0,"ValueType":"System.String"},"Value":"805801623"}]},"Attachments":[],"Outcome":1,"ErrorMessage":null,"ErrorStackTrace":null,"DisplayName":"TesGet","Messages":[],"ComputerName":"G3SLAPTOP","Duration":"00:00:00.1659650","StartTime":"2024-10-28T05:10:26.9877867+00:00","EndTime":"2024-10-28T05:10:27.1537509+00:00","Properties":[{"Key":{"Id":"NUnit.Seed","Label":"Seed","Category":"","Description":"","Attributes":0,"ValueType":"System.String"},"Value":"805801623"}]},{"TestCase":{"Id":"2a360db4-cbda-6605-5a34-2a697452dc50","FullyQualifiedName":"EFCoreTest.UserRepositoryTest.TestAdd","DisplayName":"TestAdd","ExecutorUri":"executor://NUnit3TestExecutor","Source":"D:\\Corp\\GenSpark\\Celsior\\Participants\\Day29\\EFCoreSolution\\EFCoreTest\\bin\\Debug\\net6.0\\fine-code-coverage\\build-output\\EFCoreTest.dll","CodeFilePath":null,"LineNumber":0,"Properties":[{"Key":{"Id":"NUnit.Seed","Label":"Seed","Category":"","Description":"","Attributes":0,"ValueType":"System.String"},"Value":"984702503"}]},"Attachments":[],"Outcome":2,"ErrorMessage":"EFCoreFirstAPI.Exceptions.CouldNotAddException : Could not add User","ErrorStackTrace":"   at EFCoreFirstAPI.Repositories.UserRepository.Add(User entity) in D:\\Corp\\GenSpark\\Celsior\\Participants\\Day29\\EFCoreSolution\\EFCoreFirstAPI\\Repositories\\UserRepository.cs:line 30\r\n   at EFCoreTest.UserRepositoryTest.TestAdd() in D:\\Corp\\GenSpark\\Celsior\\Participants\\Day29\\EFCoreSolution\\EFCoreTest\\UserRepositoryTest.cs:line 46\r\n   at NUnit.Framework.Internal.TaskAwaitAdapter.GenericAdapter`1.GetResult()\r\n   at NUnit.Framework.Internal.AsyncToSyncAdapter.Await(Func`1 invoke)\r\n   at NUnit.Framework.Internal.Commands.TestMethodCommand.RunTestMethod(TestExecutionContext context)\r\n   at NUnit.Framework.Internal.Commands.TestMethodCommand.Execute(TestExecutionContext context)\r\n   at NUnit.Framework.Internal.Commands.BeforeAndAfterTestCommand.<>c__DisplayClass1_0.<Execute>b__0()\r\n   at NUnit.Framework.Internal.Commands.DelegatingTestCommand.RunTestMethodInThreadAbortSafeZone(TestExecutionContext context, Action action)\n","DisplayName":"TestAdd","Messages":[],"ComputerName":"G3SLAPTOP","Duration":"00:00:00.0053190","StartTime":"2024-10-28T05:10:27.1538013+00:00","EndTime":"2024-10-28T05:10:27.1591198+00:00","Properties":[{"Key":{"Id":"NUnit.Seed","Label":"Seed","Category":"","Description":"","Attributes":0,"ValueType":"System.String"},"Value":"984702503"}]}],"TestRunStatistics":{"ExecutedTests":9,"Stats":{"Passed":5,"Failed":4}},"ActiveTests":[{"Id":"bcd534a3-8547-92d0-b73f-89f11ac57e88","FullyQualifiedName":"EFCoreTest.UserServiceTest.TestAdd(\"TestUser2\",\"TestPassword2\",\"TestHashKey\",Admin)","DisplayName":"TestAdd(\"TestUser2\",\"TestPassword2\",\"TestHashKey\",Admin)","ExecutorUri":"executor://NUnit3TestExecutor","Source":"D:\\Corp\\GenSpark\\Celsior\\Participants\\Day29\\EFCoreSolution\\EFCoreTest\\bin\\Debug\\net6.0\\fine-code-coverage\\build-output\\EFCoreTest.dll","CodeFilePath":null,"LineNumber":0,"Properties":[{"Key":{"Id":"NUnit.Seed","Label":"Seed","Category":"","Description":"","Attributes":0,"ValueType":"System.String"},"Value":"1624756761"}]}]}}
TpTrace Verbose: 0 : 96004, 13, 2024/10/28, 10:40:27.175, 14468257756007, vstest.console.dll, TestRunRequest:SendTestRunStatsChange: Starting.
TpTrace Verbose: 0 : 96004, 13, 2024/10/28, 10:40:27.175, 14468257756984, vstest.console.dll, InProgress is TestAdd("TestUser2","TestPassword2","TestHashKey",Admin)
TpTrace Verbose: 0 : 96004, 13, 2024/10/28, 10:40:27.175, 14468257758385, vstest.console.dll, MulticastDelegateUtilities.SafeInvoke: TestRun.RunStatsChanged: Invoking callbacks was skipped because there are no subscribers.
TpTrace Information: 0 : 96004, 13, 2024/10/28, 10:40:27.175, 14468257758746, vstest.console.dll, TestRunRequest:SendTestRunStatsChange: Completed.
TpTrace Verbose: 0 : 96004, 13, 2024/10/28, 10:40:27.175, 14468257758935, vstest.console.dll, MulticastDelegateUtilities.SafeInvoke: LengthPrefixCommunicationChannel: MessageReceived: Invoking callback 1/1 for Microsoft.VisualStudio.TestPlatform.CommunicationUtilities.TestRequestSender+<>c__DisplayClass34_0., took 6 ms.
TpTrace Verbose: 0 : 96004, 13, 2024/10/28, 10:40:27.175, 14468257759136, vstest.console.dll, TcpClientExtensions.MessageLoopAsync: Polling on remoteEndPoint: 127.0.0.1:64949 localEndPoint: 127.0.0.1:64948 after 570 ms
TpTrace Verbose: 0 : 96004, 4, 2024/10/28, 10:40:27.177, 14468257773440, vstest.console.dll, MulticastDelegateUtilities.SafeInvoke: InternalTestLoggerEvents.SendTestResult: Invoking callback 1/1 for Microsoft.VisualStudio.TestPlatform.CommandLine.Internal.ConsoleLogger., took 1 ms.
TpTrace Verbose: 0 : 96004, 4, 2024/10/28, 10:40:27.177, 14468257779292, vstest.console.dll, MulticastDelegateUtilities.SafeInvoke: InternalTestLoggerEvents.SendTestResult: Invoking callback 1/1 for Microsoft.VisualStudio.TestPlatform.CommandLine.Internal.ConsoleLogger., took 0 ms.
TpTrace Verbose: 0 : 96004, 4, 2024/10/28, 10:40:27.177, 14468257781046, vstest.console.dll, MulticastDelegateUtilities.SafeInvoke: InternalTestLoggerEvents.SendTestResult: Invoking callback 1/1 for Microsoft.VisualStudio.TestPlatform.CommandLine.Internal.ConsoleLogger., took 0 ms.
TpTrace Verbose: 0 : 96004, 4, 2024/10/28, 10:40:27.178, 14468257783381, vstest.console.dll, MulticastDelegateUtilities.SafeInvoke: InternalTestLoggerEvents.SendTestResult: Invoking callback 1/1 for Microsoft.VisualStudio.TestPlatform.CommandLine.Internal.ConsoleLogger., took 0 ms.
TpTrace Verbose: 0 : 96004, 4, 2024/10/28, 10:40:27.178, 14468257783863, vstest.console.dll, MulticastDelegateUtilities.SafeInvoke: InternalTestLoggerEvents.SendTestResult: Invoking callback 1/1 for Microsoft.VisualStudio.TestPlatform.CommandLine.Internal.ConsoleLogger., took 0 ms.
TpTrace Verbose: 0 : 96004, 4, 2024/10/28, 10:40:27.178, 14468257785247, vstest.console.dll, MulticastDelegateUtilities.SafeInvoke: InternalTestLoggerEvents.SendTestResult: Invoking callback 1/1 for Microsoft.VisualStudio.TestPlatform.CommandLine.Internal.ConsoleLogger., took 0 ms.
TpTrace Verbose: 0 : 96004, 4, 2024/10/28, 10:40:27.178, 14468257786754, vstest.console.dll, MulticastDelegateUtilities.SafeInvoke: InternalTestLoggerEvents.SendTestResult: Invoking callback 1/1 for Microsoft.VisualStudio.TestPlatform.CommandLine.Internal.ConsoleLogger., took 0 ms.
TpTrace Verbose: 0 : 96004, 4, 2024/10/28, 10:40:27.178, 14468257787136, vstest.console.dll, MulticastDelegateUtilities.SafeInvoke: InternalTestLoggerEvents.SendTestResult: Invoking callback 1/1 for Microsoft.VisualStudio.TestPlatform.CommandLine.Internal.ConsoleLogger., took 0 ms.
TpTrace Verbose: 0 : 96004, 4, 2024/10/28, 10:40:27.178, 14468257790238, vstest.console.dll, MulticastDelegateUtilities.SafeInvoke: InternalTestLoggerEvents.SendTestResult: Invoking callback 1/1 for Microsoft.VisualStudio.TestPlatform.CommandLine.Internal.ConsoleLogger., took 0 ms.
TpTrace Verbose: 0 : 96004, 13, 2024/10/28, 10:40:27.198, 14468257981976, vstest.console.dll, TcpClientExtensions.MessageLoopAsync: NotifyDataAvailable remoteEndPoint: 127.0.0.1:64949 localEndPoint: 127.0.0.1:64948
TpTrace Verbose: 0 : 96004, 13, 2024/10/28, 10:40:27.198, 14468257983410, vstest.console.dll, TestRequestSender.OnExecutionMessageReceived: Received message: {"Version":7,"MessageType":"TestSession.Message","Payload":{"MessageLevel":0,"Message":"NUnit Adapter 4.4.0.0: Test execution complete"}}
TpTrace Verbose: 0 : 96004, 13, 2024/10/28, 10:40:27.198, 14468257984459, vstest.console.dll, TestRunRequest:SendTestRunMessage: Starting.
TpTrace Verbose: 0 : 96004, 13, 2024/10/28, 10:40:27.198, 14468257984876, vstest.console.dll, MulticastDelegateUtilities.SafeInvoke: TestRun.LogMessages: Invoking callback 1/1 for Microsoft.VisualStudio.TestPlatform.CommandLine.TestRunResultAggregator., took 0 ms.
TpTrace Information: 0 : 96004, 13, 2024/10/28, 10:40:27.198, 14468257985124, vstest.console.dll, TestRunRequest:SendTestRunMessage: Completed.
TpTrace Verbose: 0 : 96004, 13, 2024/10/28, 10:40:27.198, 14468257985282, vstest.console.dll, MulticastDelegateUtilities.SafeInvoke: LengthPrefixCommunicationChannel: MessageReceived: Invoking callback 1/1 for Microsoft.VisualStudio.TestPlatform.CommunicationUtilities.TestRequestSender+<>c__DisplayClass34_0., took 0 ms.
TpTrace Verbose: 0 : 96004, 13, 2024/10/28, 10:40:27.198, 14468257985456, vstest.console.dll, TcpClientExtensions.MessageLoopAsync: Polling on remoteEndPoint: 127.0.0.1:64949 localEndPoint: 127.0.0.1:64948 after 22 ms
TpTrace Verbose: 0 : 96004, 4, 2024/10/28, 10:40:27.198, 14468257986106, vstest.console.dll, MulticastDelegateUtilities.SafeInvoke: InternalTestLoggerEvents.SendTestRunMessage: Invoking callback 1/1 for Microsoft.VisualStudio.TestPlatform.CommandLine.Internal.ConsoleLogger., took 0 ms.
TpTrace Verbose: 0 : 96004, 13, 2024/10/28, 10:40:27.216, 14468258169931, vstest.console.dll, TcpClientExtensions.MessageLoopAsync: NotifyDataAvailable remoteEndPoint: 127.0.0.1:64949 localEndPoint: 127.0.0.1:64948
TpTrace Verbose: 0 : 96004, 13, 2024/10/28, 10:40:27.217, 14468258172052, vstest.console.dll, TestRequestSender.OnExecutionMessageReceived: Received message: {"Version":7,"MessageType":"TestExecution.Completed","Payload":{"TestRunCompleteArgs":{"TestRunStatistics":{"ExecutedTests":11,"Stats":{"Passed":7,"Failed":4}},"IsCanceled":false,"IsAborted":false,"Error":null,"AttachmentSets":[],"InvokedDataCollectors":[],"ElapsedTimeInRunningTests":"00:00:02.0756102","Metrics":{},"DiscoveredExtensions":{"TestDiscoverers":["NUnit.VisualStudio.TestAdapter.NUnit3TestDiscoverer, NUnit3.TestAdapter, Version=4.4.0.0, Culture=neutral, PublicKeyToken=4cb40d35494691ac"],"TestExecutors":["executor://NUnit3TestExecutor"],"TestExecutors2":[],"TestSettingsProviders":[]}},"LastRunTests":{"NewTestResults":[{"TestCase":{"Id":"bcd534a3-8547-92d0-b73f-89f11ac57e88","FullyQualifiedName":"EFCoreTest.UserServiceTest.TestAdd(\"TestUser2\",\"TestPassword2\",\"TestHashKey\",Admin)","DisplayName":"TestAdd(\"TestUser2\",\"TestPassword2\",\"TestHashKey\",Admin)","ExecutorUri":"executor://NUnit3TestExecutor","Source":"D:\\Corp\\GenSpark\\Celsior\\Participants\\Day29\\EFCoreSolution\\EFCoreTest\\bin\\Debug\\net6.0\\fine-code-coverage\\build-output\\EFCoreTest.dll","CodeFilePath":null,"LineNumber":0,"Properties":[{"Key":{"Id":"NUnit.Seed","Label":"Seed","Category":"","Description":"","Attributes":0,"ValueType":"System.String"},"Value":"1624756761"}]},"Attachments":[],"Outcome":1,"ErrorMessage":null,"ErrorStackTrace":null,"DisplayName":"TestAdd(\"TestUser2\",\"TestPassword2\",\"TestHashKey\",Admin)","Messages":[],"ComputerName":"G3SLAPTOP","Duration":"00:00:00.0242440","StartTime":"2024-10-28T05:10:27.1592883+00:00","EndTime":"2024-10-28T05:10:27.1835313+00:00","Properties":[{"Key":{"Id":"NUnit.Seed","Label":"Seed","Category":"","Description":"","Attributes":0,"ValueType":"System.String"},"Value":"1624756761"}]},{"TestCase":{"Id":"ed6eb6f0-af8e-ef27-45da-e92fdfada3c5","FullyQualifiedName":"EFCoreTest.UserServiceTest.TestAuthenticate(\"TestUser1\",\"TestPassword1\",\"TestHashKey1\")","DisplayName":"TestAuthenticate(\"TestUser1\",\"TestPassword1\",\"TestHashKey1\")","ExecutorUri":"executor://NUnit3TestExecutor","Source":"D:\\Corp\\GenSpark\\Celsior\\Participants\\Day29\\EFCoreSolution\\EFCoreTest\\bin\\Debug\\net6.0\\fine-code-coverage\\build-output\\EFCoreTest.dll","CodeFilePath":null,"LineNumber":0,"Properties":[{"Key":{"Id":"NUnit.Seed","Label":"Seed","Category":"","Description":"","Attributes":0,"ValueType":"System.String"},"Value":"353078518"}]},"Attachments":[],"Outcome":1,"ErrorMessage":null,"ErrorStackTrace":null,"DisplayName":"TestAuthenticate(\"TestUser1\",\"TestPassword1\",\"TestHashKey1\")","Messages":[],"ComputerName":"G3SLAPTOP","Duration":"00:00:00.0050440","StartTime":"2024-10-28T05:10:27.1838061+00:00","EndTime":"2024-10-28T05:10:27.1888494+00:00","Properties":[{"Key":{"Id":"NUnit.Seed","Label":"Seed","Category":"","Description":"","Attributes":0,"ValueType":"System.String"},"Value":"353078518"}]}],"TestRunStatistics":{"ExecutedTests":11,"Stats":{"Passed":7,"Failed":4}},"ActiveTests":[]},"RunAttachments":[],"ExecutorUris":["executor://nunit3testexecutor/"]}}
TpTrace Verbose: 0 : 96004, 13, 2024/10/28, 10:40:27.217, 14468258173538, vstest.console.dll, TestRequestSender.EndSession: Sending end session.
TpTrace Verbose: 0 : 96004, 13, 2024/10/28, 10:40:27.217, 14468258175396, vstest.console.dll, ProxyOperationManager.Close: waiting for test host to exit for 100 ms
TpTrace Warning: 0 : 96004, 12, 2024/10/28, 10:40:27.230, 14468258305278, vstest.console.dll, TestHostManagerCallbacks.ErrorReceivedCallback Test host standard error line: 
TpTrace Verbose: 0 : 96004, 7, 2024/10/28, 10:40:27.230, 14468258305210, vstest.console.dll, TestHostManagerCallbacks.StandardOutputReceivedCallback Test host standard output line: 
TpTrace Verbose: 0 : 96004, 7, 2024/10/28, 10:40:27.243, 14468258437290, vstest.console.dll, TestHostProvider.ExitCallBack: Host exited starting callback.
TpTrace Information: 0 : 96004, 7, 2024/10/28, 10:40:27.243, 14468258439384, vstest.console.dll, TestHostManagerCallbacks.ExitCallBack: Testhost processId: 56672 exited with exitcode: 0 error: ''
TpTrace Verbose: 0 : 96004, 7, 2024/10/28, 10:40:27.243, 14468258439866, vstest.console.dll, DotnetTestHostManager.OnHostExited: invoking OnHostExited callback
TpTrace Verbose: 0 : 96004, 7, 2024/10/28, 10:40:27.243, 14468258440365, vstest.console.dll, CrossPlatEngine.TestHostManagerHostExited: calling on client process exit callback.
TpTrace Information: 0 : 96004, 7, 2024/10/28, 10:40:27.243, 14468258440939, vstest.console.dll, TestRequestSender.OnClientProcessExit: Test host process exited. Standard error: 
TpTrace Information: 0 : 96004, 7, 2024/10/28, 10:40:27.244, 14468258441618, vstest.console.dll, SocketServer.Stop: Stop server endPoint: 127.0.0.1:64948
TpTrace Information: 0 : 96004, 13, 2024/10/28, 10:40:27.244, 14468258441646, vstest.console.dll, SocketServer.Stop: Stop server endPoint: 127.0.0.1:64948
TpTrace Information: 0 : 96004, 13, 2024/10/28, 10:40:27.244, 14468258442359, vstest.console.dll, SocketServer.Stop: Cancellation requested. Stopping message loop.
TpTrace Information: 0 : 96004, 7, 2024/10/28, 10:40:27.244, 14468258441835, vstest.console.dll, SocketServer.Stop: Cancellation requested. Stopping message loop.
TpTrace Verbose: 0 : 96004, 7, 2024/10/28, 10:40:27.244, 14468258443420, vstest.console.dll, MulticastDelegateUtilities.SafeInvoke: HostProviderEvents.OnHostExited: Invoking callback 1/1 for Microsoft.VisualStudio.TestPlatform.CrossPlatEngine.Client.ProxyOperationManager., took 0 ms.
TpTrace Information: 0 : 96004, 13, 2024/10/28, 10:40:27.244, 14468258443571, vstest.console.dll, Closing the connection
TpTrace Verbose: 0 : 96004, 13, 2024/10/28, 10:40:27.244, 14468258445771, vstest.console.dll, ProxyDataCollectionManager.InvokeDataCollectionServiceAction: Starting.
TpTrace Information: 0 : 96004, 13, 2024/10/28, 10:40:27.244, 14468258446063, vstest.console.dll, ProxyDataCollectionManager.AfterTestRunEnd: Get attachment set and invoked data collectors processId: 75540 port: 64945
TpTrace Verbose: 0 : 96004, 13, 2024/10/28, 10:40:27.244, 14468258446470, vstest.console.dll, DataCollectionRequestSender.SendAfterTestRunStartAndGetResult: Send AfterTestRunEnd message with isCancelled: False
TpTrace Verbose: 0 : 96004, 13, 2024/10/28, 10:40:27.254, 14468258541735, vstest.console.dll, DataCollectionRequestSender.SendAfterTestRunStartAndGetResult: Received message: (DataCollection.AfterTestRunEndResult) -> {"MessageType":"DataCollection.AfterTestRunEndResult","Payload":{"AttachmentSets":[],"InvokedDataCollectors":[{"Uri":"datacollector://Microsoft/TestPlatform/Extensions/Blame/v1","FriendlyName":"Blame","AssemblyQualifiedName":"Microsoft.TestPlatform.Extensions.BlameDataCollector.BlameCollector, Microsoft.TestPlatform.Extensions.BlameDataCollector, Version=15.0.0.0, Culture=neutral, PublicKeyToken=b03f5f7f11d50a3a","FilePath":"C:\\Program Files\\dotnet\\sdk\\8.0.400\\Extensions\\Microsoft.TestPlatform.Extensions.BlameDataCollector.dll","HasAttachmentProcessor":false}],"Metrics":{}}}
TpTrace Warning: 0 : 96004, 10, 2024/10/28, 10:40:27.258, 14468258587500, vstest.console.dll, DataCollectionLauncher.ErrorReceivedCallback datacollector standard error line: 
TpTrace Information: 0 : 96004, 13, 2024/10/28, 10:40:27.258, 14468258590436, vstest.console.dll, ProxyDataCollectionManager.InvokeDataCollectionServiceAction: Completed.
TpTrace Information: 0 : 96004, 10, 2024/10/28, 10:40:27.265, 14468258657422, vstest.console.dll, DataCollectionLauncher.ExitCallBack: Data collector exited with exitcode: 0 error: ''
TpTrace Verbose: 0 : 96004, 13, 2024/10/28, 10:40:27.282, 14468258825680, vstest.console.dll, TestRunRequest:SendTestRunStatsChange: Starting.
TpTrace Verbose: 0 : 96004, 13, 2024/10/28, 10:40:27.282, 14468258826798, vstest.console.dll, MulticastDelegateUtilities.SafeInvoke: TestRun.RunStatsChanged: Invoking callbacks was skipped because there are no subscribers.
TpTrace Information: 0 : 96004, 13, 2024/10/28, 10:40:27.282, 14468258826972, vstest.console.dll, TestRunRequest:SendTestRunStatsChange: Completed.
TpTrace Verbose: 0 : 96004, 4, 2024/10/28, 10:40:27.282, 14468258827712, vstest.console.dll, MulticastDelegateUtilities.SafeInvoke: InternalTestLoggerEvents.SendTestResult: Invoking callback 1/1 for Microsoft.VisualStudio.TestPlatform.CommandLine.Internal.ConsoleLogger., took 0 ms.
TpTrace Verbose: 0 : 96004, 4, 2024/10/28, 10:40:27.282, 14468258828381, vstest.console.dll, MulticastDelegateUtilities.SafeInvoke: InternalTestLoggerEvents.SendTestResult: Invoking callback 1/1 for Microsoft.VisualStudio.TestPlatform.CommandLine.Internal.ConsoleLogger., took 0 ms.
TpTrace Verbose: 0 : 96004, 13, 2024/10/28, 10:40:27.282, 14468258830606, vstest.console.dll, ParallelProxyExecutionManager: HandlePartialRunComplete: Total workloads = 1, Total started clients = 1 Total completed clients = 1, Run complete = True, Run canceled: False.
TpTrace Verbose: 0 : 96004, 13, 2024/10/28, 10:40:27.282, 14468258831044, vstest.console.dll, ParallelProxyExecutionManager: HandlePartialRunComplete: All runs completed stopping all managers.
TpTrace Verbose: 0 : 96004, 13, 2024/10/28, 10:40:27.283, 14468258831263, vstest.console.dll, ParallelOperationManager.StopAllManagers: Stopping all managers.
TpTrace Verbose: 0 : 96004, 13, 2024/10/28, 10:40:27.283, 14468258831422, vstest.console.dll, ParallelOperationManager.ClearSlots: Clearing all slots. Slots should accept more work: False
TpTrace Verbose: 0 : 96004, 13, 2024/10/28, 10:40:27.283, 14468258831741, vstest.console.dll, ParallelOperationManager.SetOccupiedSlotCount: Setting slot counts AvailableSlotCount = 1, OccupiedSlotCount = 0.
TpTrace Verbose: 0 : 96004, 13, 2024/10/28, 10:40:27.283, 14468258832094, vstest.console.dll, Occupied slots:

TpTrace Verbose: 0 : 96004, 4, 2024/10/28, 10:40:27.290, 14468258910210, vstest.console.dll, MulticastDelegateUtilities.SafeInvoke: InternalTestLoggerEvents.SendTestRunComplete: Invoking callback 1/2 for Microsoft.TestPlatform.Extensions.BlameDataCollector.BlameLogger., took 0 ms.
TpTrace Verbose: 0 : 96004, 4, 2024/10/28, 10:40:27.294, 14468258949540, vstest.console.dll, MulticastDelegateUtilities.SafeInvoke: InternalTestLoggerEvents.SendTestRunComplete: Invoking callback 2/2 for Microsoft.VisualStudio.TestPlatform.CommandLine.Internal.ConsoleLogger., took 3 ms.
TpTrace Verbose: 0 : 96004, 13, 2024/10/28, 10:40:27.295, 14468258953726, vstest.console.dll, TestRunRequest:TestRunComplete: Starting. IsAborted:False IsCanceled:False.
TpTrace Verbose: 0 : 96004, 13, 2024/10/28, 10:40:27.295, 14468258955489, vstest.console.dll, ParallelOperationManager.DoActionOnAllManagers: Calling an action on all managers.
TpTrace Verbose: 0 : 96004, 13, 2024/10/28, 10:40:27.296, 14468258964226, vstest.console.dll, TestLoggerManager.HandleTestRunComplete: Ignoring as the object is disposed.
TpTrace Verbose: 0 : 96004, 13, 2024/10/28, 10:40:27.296, 14468258967371, vstest.console.dll, MulticastDelegateUtilities.SafeInvoke: TestRun.TestRunComplete: Invoking callback 1/2 for Microsoft.VisualStudio.TestPlatform.CommandLine.TestRunResultAggregator., took 0 ms.
TpTrace Verbose: 0 : 96004, 13, 2024/10/28, 10:40:27.296, 14468258969044, vstest.console.dll, MulticastDelegateUtilities.SafeInvoke: TestRun.TestRunComplete: Invoking callback 2/2 for Microsoft.VisualStudio.TestPlatform.CommandLine.Processors.RunTestsArgumentExecutor+TestRunRequestEventsRegistrar., took 0 ms.
TpTrace Information: 0 : 96004, 13, 2024/10/28, 10:40:27.296, 14468258970198, vstest.console.dll, TestRunRequest:TestRunComplete: Completed.
TpTrace Verbose: 0 : 96004, 13, 2024/10/28, 10:40:27.296, 14468258970539, vstest.console.dll, TestRequestSender.SetOperationComplete: Setting operation complete.
TpTrace Verbose: 0 : 96004, 1, 2024/10/28, 10:40:27.296, 14468258970683, vstest.console.dll, TestRunRequest.Dispose: Starting.
TpTrace Information: 0 : 96004, 13, 2024/10/28, 10:40:27.296, 14468258970871, vstest.console.dll, SocketServer.Stop: Stop server endPoint: 127.0.0.1:64948
TpTrace Information: 0 : 96004, 1, 2024/10/28, 10:40:27.297, 14468258971527, vstest.console.dll, TestRunRequest.Dispose: Completed.
TpTrace Information: 0 : 96004, 13, 2024/10/28, 10:40:27.297, 14468258971694, vstest.console.dll, SocketServer.Stop: Cancellation requested. Stopping message loop.
TpTrace Information: 0 : 96004, 1, 2024/10/28, 10:40:27.297, 14468258972442, vstest.console.dll, TestRequestManager.RunTests: run tests completed.
TpTrace Verbose: 0 : 96004, 13, 2024/10/28, 10:40:27.297, 14468258972486, vstest.console.dll, MulticastDelegateUtilities.SafeInvoke: LengthPrefixCommunicationChannel: MessageReceived: Invoking callback 1/1 for Microsoft.VisualStudio.TestPlatform.CommunicationUtilities.TestRequestSender+<>c__DisplayClass34_0., took 80 ms.
TpTrace Information: 0 : 96004, 13, 2024/10/28, 10:40:27.297, 14468258973229, vstest.console.dll, SocketServer.PrivateStop: Stopping server endPoint: 127.0.0.1:64948 error: 
TpTrace Information: 0 : 96004, 1, 2024/10/28, 10:40:27.297, 14468258973421, vstest.console.dll, RunTestsArgumentProcessor:Execute: Test run is completed.
TpTrace Verbose: 0 : 96004, 1, 2024/10/28, 10:40:27.297, 14468258976306, vstest.console.dll, Executor.Execute: Exiting with exit code of 1
TpTrace Verbose: 0 : 96004, 13, 2024/10/28, 10:40:27.297, 14468258978582, vstest.console.dll, LengthPrefixCommunicationChannel.Dispose: Dispose reader and writer.
TpTrace Information: 0 : 96004, 13, 2024/10/28, 10:40:27.297, 14468258979406, vstest.console.dll, SocketServer.Stop: Raise disconnected event endPoint: 127.0.0.1:64948 error: 
TpTrace Verbose: 0 : 96004, 13, 2024/10/28, 10:40:27.297, 14468258980305, vstest.console.dll, TestRequestSender: OnTestRunAbort: Operation is already complete. Skip error message.
TpTrace Verbose: 0 : 96004, 13, 2024/10/28, 10:40:27.297, 14468258980676, vstest.console.dll, MulticastDelegateUtilities.SafeInvoke: SocketServer: ClientDisconnected: Invoking callback 1/1 for Microsoft.VisualStudio.TestPlatform.CommunicationUtilities.TestRequestSender., took 0 ms.
TpTrace Verbose: 0 : 96004, 13, 2024/10/28, 10:40:27.297, 14468258980930, vstest.console.dll, TcpClientExtensions.MessageLoopAsync: exiting MessageLoopAsync remoteEndPoint: 127.0.0.1:64949 localEndPoint: 127.0.0.1:64948
